  [1m[35m (206.5ms)[0m  [1m[35mCREATE DATABASE "ninety_nine_cats_development" ENCODING = 'unicode'[0m
  ↳ bin/rails:9
  [1m[35m (97.0ms)[0m  [1m[35mCREATE DATABASE "ninety_nine_cats_test" ENCODING = 'unicode'[0m
  ↳ bin/rails:9
  [1m[35m (27.0ms)[0m  [1m[35mCREATE TABLE "schema_migrations" ("version" character varying NOT NULL PRIMARY KEY)[0m
  ↳ bin/rails:9
  [1m[35m (22.7ms)[0m  [1m[35mCREATE TABLE "ar_internal_metadata" ("key" character varying NOT NULL PRIMARY KEY, "value" character varying, "created_at" timestamp NOT NULL, "updated_at" timestamp NOT NULL)[0m
  ↳ bin/rails:9
  [1m[35m (0.5ms)[0m  [1m[34mSELECT pg_try_advisory_lock(723150122408807205)[0m
  ↳ bin/rails:9
  [1m[35m (0.5ms)[0m  [1m[34mSELECT "schema_migrations"."version" FROM "schema_migrations" ORDER BY "schema_migrations"."version" ASC[0m
  ↳ bin/rails:9
Migrating to CreateCats (20201205221040)
  [1m[35m (0.2ms)[0m  [1m[35mBEGIN[0m
  ↳ bin/rails:9
  [1m[35m (16.7ms)[0m  [1m[35mCREATE TABLE "cats" ("id" bigserial primary key, "birth_date" date NOT NULL, "color" character varying NOT NULL, "name" character varying NOT NULL, "sex" character varying(1) NOT NULL, "description" text, "created_at" timestamp NOT NULL, "updated_at" timestamp NOT NULL)[0m
  ↳ db/migrate/20201205221040_create_cats.rb:3
  [1m[36mActiveRecord::SchemaMigration Create (0.7ms)[0m  [1m[32mINSERT INTO "schema_migrations" ("version") VALUES ($1) RETURNING "version"[0m  [["version", "20201205221040"]]
  ↳ bin/rails:9
  [1m[35m (5.6ms)[0m  [1m[35mCOMMIT[0m
  ↳ bin/rails:9
  [1m[36mActiveRecord::InternalMetadata Load (0.5ms)[0m  [1m[34mSELECT  "ar_internal_metadata".* FROM "ar_internal_metadata" WHERE "ar_internal_metadata"."key" = $1 LIMIT $2[0m  [["key", "environment"], ["LIMIT", 1]]
  ↳ bin/rails:9
  [1m[35m (0.1ms)[0m  [1m[35mBEGIN[0m
  ↳ bin/rails:9
  [1m[36mActiveRecord::InternalMetadata Create (0.7ms)[0m  [1m[32mINSERT INTO "ar_internal_metadata" ("key", "value", "created_at", "updated_at") VALUES ($1, $2, $3, $4) RETURNING "key"[0m  [["key", "environment"], ["value", "development"], ["created_at", "2020-12-05 22:22:56.752599"], ["updated_at", "2020-12-05 22:22:56.752599"]]
  ↳ bin/rails:9
  [1m[35m (5.9ms)[0m  [1m[35mCOMMIT[0m
  ↳ bin/rails:9
  [1m[35m (0.3ms)[0m  [1m[34mSELECT pg_advisory_unlock(723150122408807205)[0m
  ↳ bin/rails:9
  [1m[35m (0.2ms)[0m  [1m[34mSELECT "schema_migrations"."version" FROM "schema_migrations" ORDER BY "schema_migrations"."version" ASC[0m
  ↳ bin/rails:9
Started GET "/" for ::1 at 2020-12-05 15:35:43 -0700
  [1m[35m (0.7ms)[0m  [1m[34mSELECT "schema_migrations"."version" FROM "schema_migrations" ORDER BY "schema_migrations"."version" ASC[0m
  ↳ /Users/trevorpolidore/.rbenv/versions/2.5.1/lib/ruby/gems/2.5.0/gems/activerecord-5.2.4.4/lib/active_record/log_subscriber.rb:98
Processing by Rails::WelcomeController#index as HTML
  Rendering /Users/trevorpolidore/.rbenv/versions/2.5.1/lib/ruby/gems/2.5.0/gems/railties-5.2.4.4/lib/rails/templates/rails/welcome/index.html.erb
  Rendered /Users/trevorpolidore/.rbenv/versions/2.5.1/lib/ruby/gems/2.5.0/gems/railties-5.2.4.4/lib/rails/templates/rails/welcome/index.html.erb (3.2ms)
Completed 200 OK in 18ms (Views: 9.8ms | ActiveRecord: 0.0ms)


Started GET "/cats" for ::1 at 2020-12-05 15:35:49 -0700
Processing by CatsController#index as HTML
Completed 500 Internal Server Error in 11ms (ActiveRecord: 0.0ms)



ActionView::MissingTemplate - Missing template cats/index, application/index with {:locale=>[:en], :formats=>[:html], :variants=>[], :handlers=>[:raw, :erb, :html, :builder, :ruby, :coffee, :jbuilder]}. Searched in:
  * "/Users/trevorpolidore/Desktop/aA-homeworks-2/ninety_nine_cats/app/views":
  app/controllers/cats_controller.rb:5:in `index'

Started POST "/__better_errors/b9b5ae099f1bf2ef/variables" for ::1 at 2020-12-05 15:35:49 -0700
  [1m[36mCat Load (0.5ms)[0m  [1m[34mSELECT  "cats".* FROM "cats" LIMIT $1[0m  [["LIMIT", 11]]
  ↳ /Users/trevorpolidore/.rbenv/versions/2.5.1/lib/ruby/gems/2.5.0/gems/activerecord-5.2.4.4/lib/active_record/log_subscriber.rb:98
Started GET "/cats" for ::1 at 2020-12-05 15:36:46 -0700
Processing by CatsController#index as HTML
  Rendering cats/index.html.erb within layouts/application
  Rendered cats/index.html.erb within layouts/application (0.2ms)
Completed 200 OK in 219ms (Views: 218.6ms | ActiveRecord: 0.0ms)


Started GET "/cats" for ::1 at 2020-12-05 15:37:17 -0700
Processing by CatsController#index as HTML
  Rendering cats/index.html.erb within layouts/application
  Rendered cats/index.html.erb within layouts/application (0.3ms)
Completed 200 OK in 20ms (Views: 19.1ms | ActiveRecord: 0.0ms)


  [1m[35m (0.2ms)[0m  [1m[35mBEGIN[0m
  [1m[35m (0.2ms)[0m  [1m[31mROLLBACK[0m
  [1m[35m (0.2ms)[0m  [1m[35mBEGIN[0m
  [1m[36mCat Create (3.8ms)[0m  [1m[32mINSERT INTO "cats" ("birth_date", "color", "name", "sex", "description", "created_at", "updated_at") VALUES ($1, $2, $3, $4, $5, $6, $7) RETURNING "id"[0m  [["birth_date", "2015-07-30"], ["color", "orange"], ["name", "Lolly"], ["sex", "F"], ["description", "Loves dogs!"], ["created_at", "2020-12-05 23:12:44.413642"], ["updated_at", "2020-12-05 23:12:44.413642"]]
  [1m[35m (1.1ms)[0m  [1m[35mCOMMIT[0m
Started GET "/cats" for ::1 at 2020-12-05 16:13:01 -0700
  [1m[35m (0.8ms)[0m  [1m[34mSELECT "schema_migrations"."version" FROM "schema_migrations" ORDER BY "schema_migrations"."version" ASC[0m
  ↳ /Users/trevorpolidore/.rbenv/versions/2.5.1/lib/ruby/gems/2.5.0/gems/activerecord-5.2.4.4/lib/active_record/log_subscriber.rb:98
Processing by CatsController#index as HTML
  Rendering cats/index.html.erb within layouts/application
  [1m[36mCat Load (0.6ms)[0m  [1m[34mSELECT "cats".* FROM "cats"[0m
  ↳ app/views/cats/index.html.erb:5
  Rendered cats/index.html.erb within layouts/application (18.6ms)
Completed 200 OK in 199ms (Views: 185.5ms | ActiveRecord: 7.2ms)


Started GET "/cats" for ::1 at 2020-12-05 16:16:01 -0700
  [1m[35m (0.7ms)[0m  [1m[34mSELECT "schema_migrations"."version" FROM "schema_migrations" ORDER BY "schema_migrations"."version" ASC[0m
  ↳ /Users/trevorpolidore/.rbenv/versions/2.5.1/lib/ruby/gems/2.5.0/gems/activerecord-5.2.4.4/lib/active_record/log_subscriber.rb:98
Processing by CatsController#index as HTML
  Rendering cats/index.html.erb within layouts/application
  [1m[36mCat Load (0.6ms)[0m  [1m[34mSELECT "cats".* FROM "cats"[0m
  ↳ app/views/cats/index.html.erb:5
  Rendered cats/index.html.erb within layouts/application (17.4ms)
Completed 200 OK in 207ms (Views: 193.0ms | ActiveRecord: 7.0ms)


Started GET "/cats/1" for ::1 at 2020-12-05 16:16:05 -0700
Processing by CatsController#show as HTML
  Parameters: {"id"=>"1"}
  [1m[36mCat Load (0.3ms)[0m  [1m[34mSELECT  "cats".* FROM "cats" WHERE "cats"."id" = $1 LIMIT $2[0m  [["id", 1], ["LIMIT", 1]]
  ↳ app/controllers/cats_controller.rb:9
  Rendering cats/show.html.erb within layouts/application
  Rendered cats/show.html.erb within layouts/application (0.3ms)
Completed 200 OK in 18ms (Views: 15.4ms | ActiveRecord: 0.5ms)


Started GET "/" for ::1 at 2020-12-05 16:16:14 -0700
Processing by Rails::WelcomeController#index as HTML
  Rendering /Users/trevorpolidore/.rbenv/versions/2.5.1/lib/ruby/gems/2.5.0/gems/railties-5.2.4.4/lib/rails/templates/rails/welcome/index.html.erb
  Rendered /Users/trevorpolidore/.rbenv/versions/2.5.1/lib/ruby/gems/2.5.0/gems/railties-5.2.4.4/lib/rails/templates/rails/welcome/index.html.erb (2.4ms)
Completed 200 OK in 11ms (Views: 6.2ms | ActiveRecord: 0.0ms)


Started GET "/cats" for ::1 at 2020-12-05 16:16:20 -0700
Processing by CatsController#index as HTML
  Rendering cats/index.html.erb within layouts/application
  [1m[36mCat Load (0.3ms)[0m  [1m[34mSELECT "cats".* FROM "cats"[0m
  ↳ app/views/cats/index.html.erb:5
  Rendered cats/index.html.erb within layouts/application (1.2ms)
Completed 200 OK in 23ms (Views: 21.8ms | ActiveRecord: 0.3ms)


Started GET "/cats/1" for ::1 at 2020-12-05 16:18:54 -0700
Processing by CatsController#show as HTML
  Parameters: {"id"=>"1"}
  [1m[36mCat Load (0.3ms)[0m  [1m[34mSELECT  "cats".* FROM "cats" WHERE "cats"."id" = $1 LIMIT $2[0m  [["id", 1], ["LIMIT", 1]]
  ↳ app/controllers/cats_controller.rb:9
  Rendering cats/show.html.erb within layouts/application
  Rendered cats/show.html.erb within layouts/application (2.0ms)
Completed 200 OK in 22ms (Views: 20.2ms | ActiveRecord: 0.3ms)


Started GET "/cats/1" for ::1 at 2020-12-05 16:21:15 -0700
Processing by CatsController#show as HTML
  Parameters: {"id"=>"1"}
  [1m[36mCat Load (0.5ms)[0m  [1m[34mSELECT  "cats".* FROM "cats" WHERE "cats"."id" = $1 LIMIT $2[0m  [["id", 1], ["LIMIT", 1]]
  ↳ app/controllers/cats_controller.rb:9
  Rendering cats/show.html.erb within layouts/application
  Rendered cats/show.html.erb within layouts/application (0.6ms)
Completed 200 OK in 18ms (Views: 16.1ms | ActiveRecord: 0.5ms)


Started GET "/cats/" for ::1 at 2020-12-05 16:21:17 -0700
Processing by CatsController#index as HTML
  Rendering cats/index.html.erb within layouts/application
  [1m[36mCat Load (0.4ms)[0m  [1m[34mSELECT "cats".* FROM "cats"[0m
  ↳ app/views/cats/index.html.erb:5
  Rendered cats/index.html.erb within layouts/application (2.0ms)
Completed 200 OK in 38ms (Views: 37.4ms | ActiveRecord: 0.4ms)


Started GET "/cats/1" for ::1 at 2020-12-05 16:21:22 -0700
Processing by CatsController#show as HTML
  Parameters: {"id"=>"1"}
  [1m[36mCat Load (0.3ms)[0m  [1m[34mSELECT  "cats".* FROM "cats" WHERE "cats"."id" = $1 LIMIT $2[0m  [["id", 1], ["LIMIT", 1]]
  ↳ app/controllers/cats_controller.rb:9
  Rendering cats/show.html.erb within layouts/application
  Rendered cats/show.html.erb within layouts/application (0.6ms)
Completed 200 OK in 21ms (Views: 19.6ms | ActiveRecord: 0.3ms)


  [1m[35m (0.2ms)[0m  [1m[35mBEGIN[0m
  [1m[36mCat Create (0.9ms)[0m  [1m[32mINSERT INTO "cats" ("birth_date", "color", "name", "sex", "description", "created_at", "updated_at") VALUES ($1, $2, $3, $4, $5, $6, $7) RETURNING "id"[0m  [["birth_date", "2014-12-20"], ["color", "black"], ["name", "George"], ["sex", "M"], ["description", "Hates dogs!"], ["created_at", "2020-12-05 23:22:49.156457"], ["updated_at", "2020-12-05 23:22:49.156457"]]
  [1m[35m (2.0ms)[0m  [1m[35mCOMMIT[0m
  [1m[36mCat Load (0.7ms)[0m  [1m[34mSELECT "cats".* FROM "cats"[0m
Started GET "/cats" for ::1 at 2020-12-05 16:24:02 -0700
  [1m[35m (0.8ms)[0m  [1m[34mSELECT "schema_migrations"."version" FROM "schema_migrations" ORDER BY "schema_migrations"."version" ASC[0m
  ↳ /Users/trevorpolidore/.rbenv/versions/2.5.1/lib/ruby/gems/2.5.0/gems/activerecord-5.2.4.4/lib/active_record/log_subscriber.rb:98
Processing by CatsController#index as HTML
  Rendering cats/index.html.erb within layouts/application
  [1m[36mCat Load (0.6ms)[0m  [1m[34mSELECT "cats".* FROM "cats"[0m
  ↳ app/views/cats/index.html.erb:5
  Rendered cats/index.html.erb within layouts/application (17.3ms)
Completed 200 OK in 196ms (Views: 182.4ms | ActiveRecord: 6.8ms)


Started GET "/cats/2" for ::1 at 2020-12-05 16:24:04 -0700
Processing by CatsController#show as HTML
  Parameters: {"id"=>"2"}
  [1m[36mCat Load (0.3ms)[0m  [1m[34mSELECT  "cats".* FROM "cats" WHERE "cats"."id" = $1 LIMIT $2[0m  [["id", 2], ["LIMIT", 1]]
  ↳ app/controllers/cats_controller.rb:9
  Rendering cats/show.html.erb within layouts/application
  Rendered cats/show.html.erb within layouts/application (1.5ms)
Completed 200 OK in 20ms (Views: 17.6ms | ActiveRecord: 0.5ms)


Started GET "/cats" for ::1 at 2020-12-05 16:24:14 -0700
Processing by CatsController#index as HTML
  Rendering cats/index.html.erb within layouts/application
  [1m[36mCat Load (0.3ms)[0m  [1m[34mSELECT "cats".* FROM "cats"[0m
  ↳ app/views/cats/index.html.erb:5
  Rendered cats/index.html.erb within layouts/application (1.4ms)
Completed 200 OK in 18ms (Views: 17.2ms | ActiveRecord: 0.3ms)


Started GET "/cats/new" for ::1 at 2020-12-05 16:29:08 -0700
Processing by CatsController#new as HTML
  Rendering cats/new.html.erb within layouts/application
  Rendered cats/new.html.erb within layouts/application (0.3ms)
Completed 200 OK in 53ms (Views: 39.4ms | ActiveRecord: 5.1ms)


Started GET "/cats/new" for ::1 at 2020-12-05 16:34:50 -0700
Processing by CatsController#new as HTML
  Rendering cats/new.html.erb within layouts/application
  Rendered cats/new.html.erb within layouts/application (0.3ms)
Completed 200 OK in 19ms (Views: 18.2ms | ActiveRecord: 0.0ms)


Started GET "/cats/new" for ::1 at 2020-12-05 16:35:55 -0700
Processing by CatsController#new as HTML
  Rendering cats/new.html.erb within layouts/application
  Rendered cats/new.html.erb within layouts/application (0.3ms)
Completed 200 OK in 18ms (Views: 17.6ms | ActiveRecord: 0.0ms)


Started GET "/cats/new" for ::1 at 2020-12-05 16:36:02 -0700
Processing by CatsController#new as HTML
  Rendering cats/new.html.erb within layouts/application
  Rendered cats/new.html.erb within layouts/application (0.3ms)
Completed 200 OK in 19ms (Views: 18.4ms | ActiveRecord: 0.0ms)


Started GET "/cats/new" for ::1 at 2020-12-05 16:39:28 -0700
Processing by CatsController#new as HTML
  Rendering cats/new.html.erb within layouts/application
  Rendered cats/new.html.erb within layouts/application (20.4ms)
Completed 500 Internal Server Error in 26ms (ActiveRecord: 0.0ms)



NoMethodError - undefined method `CAT_COLORS' for #<Class:0x00007fcaad7103e8>:
  app/views/cats/new.html.erb:18:in `_app_views_cats_new_html_erb___2119513156098474956_70254292284600'
  app/controllers/cats_controller.rb:15:in `new'

Started POST "/__better_errors/28ebf925e78817c1/variables" for ::1 at 2020-12-05 16:39:28 -0700
Started GET "/cats/new" for ::1 at 2020-12-05 16:39:42 -0700
Processing by CatsController#new as HTML
  Rendering cats/new.html.erb within layouts/application
  Rendered cats/new.html.erb within layouts/application (11.4ms)
Completed 500 Internal Server Error in 18ms (ActiveRecord: 0.0ms)



NameError - uninitialized constant ActionView::CompiledTemplates::CAT_COLORS:
  app/views/cats/new.html.erb:18:in `_app_views_cats_new_html_erb___2119513156098474956_70254327921100'
  app/controllers/cats_controller.rb:15:in `new'

Started POST "/__better_errors/4221b27f047ed78b/variables" for ::1 at 2020-12-05 16:39:42 -0700
Started GET "/cats/new" for ::1 at 2020-12-05 16:40:29 -0700
Processing by CatsController#new as HTML
  Rendering cats/new.html.erb within layouts/application
  Rendered cats/new.html.erb within layouts/application (0.4ms)
Completed 200 OK in 20ms (Views: 19.6ms | ActiveRecord: 0.0ms)


Started GET "/cats/new" for ::1 at 2020-12-05 16:40:57 -0700
Processing by CatsController#new as HTML
  Rendering cats/new.html.erb within layouts/application
  Rendered cats/new.html.erb within layouts/application (0.3ms)
Completed 200 OK in 21ms (Views: 20.3ms | ActiveRecord: 0.0ms)


Started GET "/cats/new" for ::1 at 2020-12-05 16:41:26 -0700
Processing by CatsController#new as HTML
  Rendering cats/new.html.erb within layouts/application
  Rendered cats/new.html.erb within layouts/application (0.4ms)
Completed 200 OK in 17ms (Views: 16.9ms | ActiveRecord: 0.0ms)


Started GET "/cats/new" for ::1 at 2020-12-05 16:42:34 -0700
Processing by CatsController#new as HTML
  Rendering cats/new.html.erb within layouts/application
  Rendered cats/new.html.erb within layouts/application (0.8ms)
Completed 200 OK in 30ms (Views: 30.0ms | ActiveRecord: 0.0ms)


Started GET "/cats/new" for ::1 at 2020-12-05 16:42:45 -0700
Processing by CatsController#new as HTML
  Rendering cats/new.html.erb within layouts/application
  Rendered cats/new.html.erb within layouts/application (0.3ms)
Completed 200 OK in 24ms (Views: 23.5ms | ActiveRecord: 0.0ms)


Started GET "/cats/new" for ::1 at 2020-12-05 16:43:38 -0700
Processing by CatsController#new as HTML
  Rendering cats/new.html.erb within layouts/application
  Rendered cats/new.html.erb within layouts/application (0.8ms)
Completed 200 OK in 25ms (Views: 23.8ms | ActiveRecord: 0.0ms)


Started GET "/cats/new" for ::1 at 2020-12-05 16:44:42 -0700
Processing by CatsController#new as HTML
  Rendering cats/new.html.erb within layouts/application
  Rendered cats/new.html.erb within layouts/application (0.4ms)
Completed 200 OK in 23ms (Views: 22.6ms | ActiveRecord: 0.0ms)


Started GET "/cats/new" for ::1 at 2020-12-05 16:46:43 -0700
Processing by CatsController#new as HTML
  Rendering cats/new.html.erb within layouts/application
  Rendered cats/new.html.erb within layouts/application (0.3ms)
Completed 200 OK in 38ms (Views: 37.6ms | ActiveRecord: 0.0ms)


Started GET "/cats/new" for ::1 at 2020-12-05 16:48:44 -0700
Processing by CatsController#new as HTML
  Rendering cats/new.html.erb within layouts/application
  Rendered cats/new.html.erb within layouts/application (0.4ms)
Completed 200 OK in 23ms (Views: 22.7ms | ActiveRecord: 0.0ms)


Started GET "/cats/new" for 127.0.0.1 at 2020-12-05 17:07:37 -0700
  [1m[35m (0.8ms)[0m  [1m[34mSELECT "schema_migrations"."version" FROM "schema_migrations" ORDER BY "schema_migrations"."version" ASC[0m
  ↳ /Users/trevorpolidore/.rbenv/versions/2.5.1/lib/ruby/gems/2.5.0/gems/activerecord-5.2.4.4/lib/active_record/log_subscriber.rb:98
Processing by CatsController#new as HTML
  Rendering cats/new.html.erb within layouts/application
  Rendered cats/new.html.erb within layouts/application (1.0ms)
Completed 200 OK in 209ms (Views: 178.3ms | ActiveRecord: 14.7ms)


Started POST "/cats" for 127.0.0.1 at 2020-12-05 17:08:33 -0700
Processing by CatsController#create as HTML
  Parameters: {"cat"=>{"name"=>"Felix", "sex"=>"M", "color"=>"brown", "birth_date"=>"2016-11-09", "description"=>"Likes to walk!"}}
  [1m[35m (0.1ms)[0m  [1m[35mBEGIN[0m
  ↳ app/controllers/cats_controller.rb:21
  [1m[36mCat Create (0.7ms)[0m  [1m[32mINSERT INTO "cats" ("birth_date", "color", "name", "sex", "description", "created_at", "updated_at") VALUES ($1, $2, $3, $4, $5, $6, $7) RETURNING "id"[0m  [["birth_date", "2016-11-09"], ["color", "brown"], ["name", "Felix"], ["sex", "M"], ["description", "Likes to walk!"], ["created_at", "2020-12-06 00:08:33.480582"], ["updated_at", "2020-12-06 00:08:33.480582"]]
  ↳ app/controllers/cats_controller.rb:21
  [1m[35m (12.8ms)[0m  [1m[35mCOMMIT[0m
  ↳ app/controllers/cats_controller.rb:21
Redirected to http://localhost:3000/cats/3
Completed 302 Found in 17ms (ActiveRecord: 13.7ms)


Started GET "/cats/3" for 127.0.0.1 at 2020-12-05 17:08:33 -0700
Processing by CatsController#show as HTML
  Parameters: {"id"=>"3"}
  [1m[36mCat Load (0.4ms)[0m  [1m[34mSELECT  "cats".* FROM "cats" WHERE "cats"."id" = $1 LIMIT $2[0m  [["id", 3], ["LIMIT", 1]]
  ↳ app/controllers/cats_controller.rb:9
  Rendering cats/show.html.erb within layouts/application
  Rendered cats/show.html.erb within layouts/application (3.1ms)
Completed 200 OK in 25ms (Views: 21.2ms | ActiveRecord: 0.6ms)


Started GET "/cats" for 127.0.0.1 at 2020-12-05 17:08:42 -0700
Processing by CatsController#index as HTML
  Rendering cats/index.html.erb within layouts/application
  [1m[36mCat Load (0.3ms)[0m  [1m[34mSELECT "cats".* FROM "cats"[0m
  ↳ app/views/cats/index.html.erb:5
  Rendered cats/index.html.erb within layouts/application (1.5ms)
Completed 200 OK in 18ms (Views: 17.0ms | ActiveRecord: 0.3ms)


Started GET "/cats/2" for 127.0.0.1 at 2020-12-05 17:08:44 -0700
Processing by CatsController#show as HTML
  Parameters: {"id"=>"2"}
  [1m[36mCat Load (0.6ms)[0m  [1m[34mSELECT  "cats".* FROM "cats" WHERE "cats"."id" = $1 LIMIT $2[0m  [["id", 2], ["LIMIT", 1]]
  ↳ app/controllers/cats_controller.rb:9
  Rendering cats/show.html.erb within layouts/application
  Rendered cats/show.html.erb within layouts/application (0.7ms)
Completed 200 OK in 17ms (Views: 15.4ms | ActiveRecord: 0.6ms)


Started GET "/cats/new" for 127.0.0.1 at 2020-12-05 17:08:47 -0700
Processing by CatsController#new as HTML
  Rendering cats/new.html.erb within layouts/application
  Rendered cats/new.html.erb within layouts/application (0.4ms)
Completed 200 OK in 17ms (Views: 17.0ms | ActiveRecord: 0.0ms)


Started POST "/cats" for 127.0.0.1 at 2020-12-05 17:09:19 -0700
Processing by CatsController#create as HTML
  Parameters: {"cat"=>{"name"=>"Almond", "sex"=>"F", "color"=>"white", "birth_date"=>"2019-10-10", "description"=>"Eats a ton!"}}
  [1m[35m (0.1ms)[0m  [1m[35mBEGIN[0m
  ↳ app/controllers/cats_controller.rb:21
  [1m[36mCat Create (0.4ms)[0m  [1m[32mINSERT INTO "cats" ("birth_date", "color", "name", "sex", "description", "created_at", "updated_at") VALUES ($1, $2, $3, $4, $5, $6, $7) RETURNING "id"[0m  [["birth_date", "2019-10-10"], ["color", "white"], ["name", "Almond"], ["sex", "F"], ["description", "Eats a ton!"], ["created_at", "2020-12-06 00:09:19.057443"], ["updated_at", "2020-12-06 00:09:19.057443"]]
  ↳ app/controllers/cats_controller.rb:21
  [1m[35m (5.9ms)[0m  [1m[35mCOMMIT[0m
  ↳ app/controllers/cats_controller.rb:21
Redirected to http://localhost:3000/cats/4
Completed 302 Found in 9ms (ActiveRecord: 6.4ms)


Started GET "/cats/4" for 127.0.0.1 at 2020-12-05 17:09:19 -0700
Processing by CatsController#show as HTML
  Parameters: {"id"=>"4"}
  [1m[36mCat Load (0.3ms)[0m  [1m[34mSELECT  "cats".* FROM "cats" WHERE "cats"."id" = $1 LIMIT $2[0m  [["id", 4], ["LIMIT", 1]]
  ↳ app/controllers/cats_controller.rb:9
  Rendering cats/show.html.erb within layouts/application
  Rendered cats/show.html.erb within layouts/application (0.7ms)
Completed 200 OK in 38ms (Views: 36.5ms | ActiveRecord: 0.3ms)


Started GET "/cats" for 127.0.0.1 at 2020-12-05 17:09:25 -0700
Processing by CatsController#index as HTML
  Rendering cats/index.html.erb within layouts/application
  [1m[36mCat Load (0.3ms)[0m  [1m[34mSELECT "cats".* FROM "cats"[0m
  ↳ app/views/cats/index.html.erb:5
  Rendered cats/index.html.erb within layouts/application (1.9ms)
Completed 200 OK in 22ms (Views: 20.8ms | ActiveRecord: 0.3ms)


Started GET "/cats/2/edit" for 127.0.0.1 at 2020-12-06 10:01:25 -0700
  [1m[35m (7.2ms)[0m  [1m[34mSELECT "schema_migrations"."version" FROM "schema_migrations" ORDER BY "schema_migrations"."version" ASC[0m
  ↳ /Users/trevorpolidore/.rbenv/versions/2.5.1/lib/ruby/gems/2.5.0/gems/activerecord-5.2.4.4/lib/active_record/log_subscriber.rb:98
Processing by CatsController#edit as HTML
  Parameters: {"id"=>"2"}
  [1m[36mCat Load (6.1ms)[0m  [1m[34mSELECT  "cats".* FROM "cats" WHERE "cats"."id" = $1 LIMIT $2[0m  [["id", 2], ["LIMIT", 1]]
  ↳ app/controllers/cats_controller.rb:29
  Rendering cats/edit.html.erb within layouts/application
  Rendered cats/edit.html.erb within layouts/application (1.4ms)
Completed 200 OK in 245ms (Views: 197.3ms | ActiveRecord: 27.2ms)


Started GET "/cats/2/edit" for 127.0.0.1 at 2020-12-06 10:01:41 -0700
Processing by CatsController#edit as HTML
  Parameters: {"id"=>"2"}
  [1m[36mCat Load (0.3ms)[0m  [1m[34mSELECT  "cats".* FROM "cats" WHERE "cats"."id" = $1 LIMIT $2[0m  [["id", 2], ["LIMIT", 1]]
  ↳ app/controllers/cats_controller.rb:29
  Rendering cats/edit.html.erb within layouts/application
  Rendered cats/edit.html.erb within layouts/application (0.5ms)
Completed 200 OK in 18ms (Views: 16.7ms | ActiveRecord: 0.3ms)


Started GET "/cats/2/edit" for 127.0.0.1 at 2020-12-06 10:03:27 -0700
Processing by CatsController#edit as HTML
  Parameters: {"id"=>"2"}
  [1m[36mCat Load (0.3ms)[0m  [1m[34mSELECT  "cats".* FROM "cats" WHERE "cats"."id" = $1 LIMIT $2[0m  [["id", 2], ["LIMIT", 1]]
  ↳ app/controllers/cats_controller.rb:29
  Rendering cats/edit.html.erb within layouts/application
  Rendered cats/edit.html.erb within layouts/application (0.8ms)
Completed 200 OK in 20ms (Views: 18.8ms | ActiveRecord: 0.3ms)


Started GET "/cats/2/edit" for 127.0.0.1 at 2020-12-06 10:04:22 -0700
Processing by CatsController#edit as HTML
  Parameters: {"id"=>"2"}
  [1m[36mCat Load (0.3ms)[0m  [1m[34mSELECT  "cats".* FROM "cats" WHERE "cats"."id" = $1 LIMIT $2[0m  [["id", 2], ["LIMIT", 1]]
  ↳ app/controllers/cats_controller.rb:29
  Rendering cats/edit.html.erb within layouts/application
  Rendered cats/edit.html.erb within layouts/application (0.6ms)
Completed 200 OK in 18ms (Views: 17.1ms | ActiveRecord: 0.3ms)


Started GET "/cats/2/edit" for 127.0.0.1 at 2020-12-06 10:05:40 -0700
Processing by CatsController#edit as HTML
  Parameters: {"id"=>"2"}
  [1m[36mCat Load (0.4ms)[0m  [1m[34mSELECT  "cats".* FROM "cats" WHERE "cats"."id" = $1 LIMIT $2[0m  [["id", 2], ["LIMIT", 1]]
  ↳ app/controllers/cats_controller.rb:29
  Rendering cats/edit.html.erb within layouts/application
  Rendered cats/edit.html.erb within layouts/application (0.8ms)
Completed 200 OK in 21ms (Views: 19.5ms | ActiveRecord: 0.4ms)


Started GET "/cats/2/edit" for 127.0.0.1 at 2020-12-06 10:14:37 -0700
Processing by CatsController#edit as HTML
  Parameters: {"id"=>"2"}
  [1m[36mCat Load (0.5ms)[0m  [1m[34mSELECT  "cats".* FROM "cats" WHERE "cats"."id" = $1 LIMIT $2[0m  [["id", 2], ["LIMIT", 1]]
  ↳ app/controllers/cats_controller.rb:29
  Rendering cats/edit.html.erb within layouts/application
  Rendered cats/_form.html.erb (0.9ms)
  Rendered cats/edit.html.erb within layouts/application (3.7ms)
Completed 200 OK in 25ms (Views: 23.2ms | ActiveRecord: 0.6ms)


Started GET "/cats/2/edit" for 127.0.0.1 at 2020-12-06 10:22:00 -0700
Processing by CatsController#edit as HTML
  Parameters: {"id"=>"2"}
  [1m[36mCat Load (0.6ms)[0m  [1m[34mSELECT  "cats".* FROM "cats" WHERE "cats"."id" = $1 LIMIT $2[0m  [["id", 2], ["LIMIT", 1]]
  ↳ app/controllers/cats_controller.rb:29
  Rendering cats/edit.html.erb within layouts/application
  Rendered cats/_form.html.erb (1.0ms)
  Rendered cats/edit.html.erb within layouts/application (3.4ms)
Completed 200 OK in 47ms (Views: 26.9ms | ActiveRecord: 1.0ms)


Started GET "/cats" for 127.0.0.1 at 2020-12-06 10:22:04 -0700
Processing by CatsController#index as HTML
  Rendering cats/index.html.erb within layouts/application
  [1m[36mCat Load (0.4ms)[0m  [1m[34mSELECT "cats".* FROM "cats"[0m
  ↳ app/views/cats/index.html.erb:5
  Rendered cats/index.html.erb within layouts/application (2.5ms)
Completed 200 OK in 23ms (Views: 21.4ms | ActiveRecord: 0.4ms)


Started GET "/cats/1" for 127.0.0.1 at 2020-12-06 10:22:06 -0700
Processing by CatsController#show as HTML
  Parameters: {"id"=>"1"}
  [1m[36mCat Load (0.3ms)[0m  [1m[34mSELECT  "cats".* FROM "cats" WHERE "cats"."id" = $1 LIMIT $2[0m  [["id", 1], ["LIMIT", 1]]
  ↳ app/controllers/cats_controller.rb:9
  Rendering cats/show.html.erb within layouts/application
  Rendered cats/show.html.erb within layouts/application (2.8ms)
Completed 200 OK in 21ms (Views: 20.1ms | ActiveRecord: 0.3ms)


Started GET "/cats/new" for 127.0.0.1 at 2020-12-06 10:22:10 -0700
Processing by CatsController#new as HTML
  Rendering cats/new.html.erb within layouts/application
  Rendered cats/_form.html.erb (0.8ms)
  Rendered cats/new.html.erb within layouts/application (3.5ms)
Completed 200 OK in 24ms (Views: 23.0ms | ActiveRecord: 0.0ms)


Started GET "/cats/new" for 127.0.0.1 at 2020-12-06 10:25:31 -0700
Processing by CatsController#new as HTML
  Rendering cats/new.html.erb within layouts/application
  Rendered cats/_form.html.erb (1.5ms)
  Rendered cats/new.html.erb within layouts/application (3.7ms)
Completed 500 Internal Server Error in 10ms (ActiveRecord: 0.0ms)



SyntaxError - syntax error, unexpected ')', expecting keyword_end
... "Update" : "Create") + "cat!") 
...                              ^:
  app/views/cats/_form.html.erb:48:in `'
  app/views/cats/new.html.erb:3:in `_app_views_cats_new_html_erb___661114746800508791_70166813559400'
  app/controllers/cats_controller.rb:15:in `new'

Started POST "/__better_errors/e9722f47596d1931/variables" for 127.0.0.1 at 2020-12-06 10:25:31 -0700
Started GET "/cats/new" for 127.0.0.1 at 2020-12-06 10:25:55 -0700
Processing by CatsController#new as HTML
  Rendering cats/new.html.erb within layouts/application
  Rendered cats/_form.html.erb (0.7ms)
  Rendered cats/new.html.erb within layouts/application (3.3ms)
Completed 200 OK in 21ms (Views: 20.1ms | ActiveRecord: 0.0ms)


Started GET "/cats/new" for 127.0.0.1 at 2020-12-06 10:26:01 -0700
Processing by CatsController#new as HTML
  Rendering cats/new.html.erb within layouts/application
  Rendered cats/_form.html.erb (0.8ms)
  Rendered cats/new.html.erb within layouts/application (3.0ms)
Completed 200 OK in 17ms (Views: 16.8ms | ActiveRecord: 0.0ms)


Started GET "/cats/new" for 127.0.0.1 at 2020-12-06 10:26:17 -0700
Processing by CatsController#new as HTML
  Rendering cats/new.html.erb within layouts/application
  Rendered cats/_form.html.erb (0.9ms)
  Rendered cats/new.html.erb within layouts/application (3.4ms)
Completed 200 OK in 22ms (Views: 21.8ms | ActiveRecord: 0.0ms)


Started POST "/cats" for 127.0.0.1 at 2020-12-06 10:26:40 -0700
Processing by CatsController#create as HTML
  Parameters: {"cat"=>{"name"=>"Sausage", "sex"=>"M", "color"=>"white", "birth_date"=>"2020-12-01", "description"=>"Bulky!"}}
  [1m[35m (0.2ms)[0m  [1m[35mBEGIN[0m
  ↳ app/controllers/cats_controller.rb:21
  [1m[36mCat Create (0.7ms)[0m  [1m[32mINSERT INTO "cats" ("birth_date", "color", "name", "sex", "description", "created_at", "updated_at") VALUES ($1, $2, $3, $4, $5, $6, $7) RETURNING "id"[0m  [["birth_date", "2020-12-01"], ["color", "white"], ["name", "Sausage"], ["sex", "M"], ["description", "Bulky!"], ["created_at", "2020-12-06 17:26:40.816269"], ["updated_at", "2020-12-06 17:26:40.816269"]]
  ↳ app/controllers/cats_controller.rb:21
  [1m[35m (11.9ms)[0m  [1m[35mCOMMIT[0m
  ↳ app/controllers/cats_controller.rb:21
Redirected to http://localhost:3000/cats/5
Completed 302 Found in 16ms (ActiveRecord: 12.8ms)


Started GET "/cats/5" for 127.0.0.1 at 2020-12-06 10:26:40 -0700
Processing by CatsController#show as HTML
  Parameters: {"id"=>"5"}
  [1m[36mCat Load (0.5ms)[0m  [1m[34mSELECT  "cats".* FROM "cats" WHERE "cats"."id" = $1 LIMIT $2[0m  [["id", 5], ["LIMIT", 1]]
  ↳ app/controllers/cats_controller.rb:9
  Rendering cats/show.html.erb within layouts/application
  Rendered cats/show.html.erb within layouts/application (0.5ms)
Completed 200 OK in 20ms (Views: 18.2ms | ActiveRecord: 0.5ms)


Started GET "/cats" for 127.0.0.1 at 2020-12-06 10:26:52 -0700
Processing by CatsController#index as HTML
  Rendering cats/index.html.erb within layouts/application
  [1m[36mCat Load (0.3ms)[0m  [1m[34mSELECT "cats".* FROM "cats"[0m
  ↳ app/views/cats/index.html.erb:5
  Rendered cats/index.html.erb within layouts/application (1.5ms)
Completed 200 OK in 17ms (Views: 16.8ms | ActiveRecord: 0.3ms)


Started GET "/cats/5" for 127.0.0.1 at 2020-12-06 10:26:53 -0700
Processing by CatsController#show as HTML
  Parameters: {"id"=>"5"}
  [1m[36mCat Load (0.3ms)[0m  [1m[34mSELECT  "cats".* FROM "cats" WHERE "cats"."id" = $1 LIMIT $2[0m  [["id", 5], ["LIMIT", 1]]
  ↳ app/controllers/cats_controller.rb:9
  Rendering cats/show.html.erb within layouts/application
  Rendered cats/show.html.erb within layouts/application (0.6ms)
Completed 200 OK in 16ms (Views: 15.2ms | ActiveRecord: 0.3ms)


Started GET "/cats/5/edit" for 127.0.0.1 at 2020-12-06 10:26:56 -0700
Processing by CatsController#edit as HTML
  Parameters: {"id"=>"5"}
  [1m[36mCat Load (0.3ms)[0m  [1m[34mSELECT  "cats".* FROM "cats" WHERE "cats"."id" = $1 LIMIT $2[0m  [["id", 5], ["LIMIT", 1]]
  ↳ app/controllers/cats_controller.rb:29
  Rendering cats/edit.html.erb within layouts/application
  Rendered cats/_form.html.erb (0.7ms)
  Rendered cats/edit.html.erb within layouts/application (3.4ms)
Completed 200 OK in 23ms (Views: 21.6ms | ActiveRecord: 0.3ms)


Started PATCH "/cats/5" for 127.0.0.1 at 2020-12-06 10:27:15 -0700
Processing by CatsController#update as HTML
  Parameters: {"cat"=>{"name"=>"Sausage", "sex"=>"M", "color"=>"white", "birth_date"=>"2020-12-01", "description"=>"Rolls around a lot!"}, "id"=>"5"}
No template found for CatsController#update, rendering head :no_content
Completed 204 No Content in 123ms (ActiveRecord: 0.0ms)


Started GET "/cats/5/edit" for 127.0.0.1 at 2020-12-06 10:28:50 -0700
Processing by CatsController#edit as HTML
  Parameters: {"id"=>"5"}
  [1m[36mCat Load (0.4ms)[0m  [1m[34mSELECT  "cats".* FROM "cats" WHERE "cats"."id" = $1 LIMIT $2[0m  [["id", 5], ["LIMIT", 1]]
  ↳ app/controllers/cats_controller.rb:29
  Rendering cats/edit.html.erb within layouts/application
  Rendered cats/_form.html.erb (0.8ms)
  Rendered cats/edit.html.erb within layouts/application (3.0ms)
Completed 200 OK in 44ms (Views: 21.8ms | ActiveRecord: 9.8ms)


Started PATCH "/cats/5" for 127.0.0.1 at 2020-12-06 10:28:56 -0700
Processing by CatsController#update as HTML
  Parameters: {"cat"=>{"name"=>"Sausage", "sex"=>"M", "color"=>"white", "birth_date"=>"2020-12-01", "description"=>"Rolls around a lot!"}, "id"=>"5"}
  [1m[36mCat Load (0.2ms)[0m  [1m[34mSELECT  "cats".* FROM "cats" WHERE "cats"."id" = $1 LIMIT $2[0m  [["id", 5], ["LIMIT", 1]]
  ↳ app/controllers/cats_controller.rb:34
Completed 500 Internal Server Error in 11ms (ActiveRecord: 0.2ms)



NoMethodError - undefined method `update_params' for #<Cat:0x00007fa2003243e0>
Did you mean?  updated_at_was:
  app/controllers/cats_controller.rb:36:in `update'

Started POST "/__better_errors/585f3929d900aef5/variables" for 127.0.0.1 at 2020-12-06 10:28:56 -0700
Started GET "/cats/5" for 127.0.0.1 at 2020-12-06 10:29:34 -0700
Processing by CatsController#show as HTML
  Parameters: {"id"=>"5"}
  [1m[36mCat Load (0.2ms)[0m  [1m[34mSELECT  "cats".* FROM "cats" WHERE "cats"."id" = $1 LIMIT $2[0m  [["id", 5], ["LIMIT", 1]]
  ↳ app/controllers/cats_controller.rb:9
  Rendering cats/show.html.erb within layouts/application
  Rendered cats/show.html.erb within layouts/application (0.6ms)
Completed 200 OK in 39ms (Views: 17.8ms | ActiveRecord: 5.4ms)


Started GET "/cats/5/edit" for 127.0.0.1 at 2020-12-06 10:29:38 -0700
Processing by CatsController#edit as HTML
  Parameters: {"id"=>"5"}
  [1m[36mCat Load (0.2ms)[0m  [1m[34mSELECT  "cats".* FROM "cats" WHERE "cats"."id" = $1 LIMIT $2[0m  [["id", 5], ["LIMIT", 1]]
  ↳ app/controllers/cats_controller.rb:29
  Rendering cats/edit.html.erb within layouts/application
  Rendered cats/_form.html.erb (0.9ms)
  Rendered cats/edit.html.erb within layouts/application (3.7ms)
Completed 200 OK in 25ms (Views: 23.6ms | ActiveRecord: 0.2ms)


Started PATCH "/cats/5" for 127.0.0.1 at 2020-12-06 10:29:45 -0700
Processing by CatsController#update as HTML
  Parameters: {"cat"=>{"name"=>"Sausage", "sex"=>"M", "color"=>"white", "birth_date"=>"2020-12-01", "description"=>"Rolls around a lot!"}, "id"=>"5"}
  [1m[36mCat Load (0.2ms)[0m  [1m[34mSELECT  "cats".* FROM "cats" WHERE "cats"."id" = $1 LIMIT $2[0m  [["id", 5], ["LIMIT", 1]]
  ↳ app/controllers/cats_controller.rb:34
  [1m[35m (0.1ms)[0m  [1m[35mBEGIN[0m
  ↳ app/controllers/cats_controller.rb:36
  [1m[36mCat Update (0.4ms)[0m  [1m[33mUPDATE "cats" SET "description" = $1, "updated_at" = $2 WHERE "cats"."id" = $3[0m  [["description", "Rolls around a lot!"], ["updated_at", "2020-12-06 17:29:45.512166"], ["id", 5]]
  ↳ app/controllers/cats_controller.rb:36
  [1m[35m (5.5ms)[0m  [1m[35mCOMMIT[0m
  ↳ app/controllers/cats_controller.rb:36
Redirected to http://localhost:3000/cats/5
Completed 302 Found in 10ms (ActiveRecord: 6.2ms)


Started GET "/cats/5" for 127.0.0.1 at 2020-12-06 10:29:45 -0700
Processing by CatsController#show as HTML
  Parameters: {"id"=>"5"}
  [1m[36mCat Load (0.2ms)[0m  [1m[34mSELECT  "cats".* FROM "cats" WHERE "cats"."id" = $1 LIMIT $2[0m  [["id", 5], ["LIMIT", 1]]
  ↳ app/controllers/cats_controller.rb:9
  Rendering cats/show.html.erb within layouts/application
  Rendered cats/show.html.erb within layouts/application (1.0ms)
Completed 200 OK in 21ms (Views: 19.9ms | ActiveRecord: 0.2ms)


Started GET "/cats" for 127.0.0.1 at 2020-12-06 10:29:49 -0700
Processing by CatsController#index as HTML
  Rendering cats/index.html.erb within layouts/application
  [1m[36mCat Load (0.3ms)[0m  [1m[34mSELECT "cats".* FROM "cats"[0m
  ↳ app/views/cats/index.html.erb:5
  Rendered cats/index.html.erb within layouts/application (1.6ms)
Completed 200 OK in 20ms (Views: 19.6ms | ActiveRecord: 0.3ms)


Started GET "/cats/5" for 127.0.0.1 at 2020-12-06 10:29:50 -0700
Processing by CatsController#show as HTML
  Parameters: {"id"=>"5"}
  [1m[36mCat Load (0.2ms)[0m  [1m[34mSELECT  "cats".* FROM "cats" WHERE "cats"."id" = $1 LIMIT $2[0m  [["id", 5], ["LIMIT", 1]]
  ↳ app/controllers/cats_controller.rb:9
  Rendering cats/show.html.erb within layouts/application
  Rendered cats/show.html.erb within layouts/application (0.7ms)
Completed 200 OK in 19ms (Views: 17.1ms | ActiveRecord: 0.2ms)


  [1m[35m (0.3ms)[0m  [1m[34mSELECT pg_try_advisory_lock(723150122408807205)[0m
  ↳ bin/rails:9
  [1m[35m (1.0ms)[0m  [1m[34mSELECT "schema_migrations"."version" FROM "schema_migrations" ORDER BY "schema_migrations"."version" ASC[0m
  ↳ bin/rails:9
Migrating to CreateCatRentalRequests (20201206173116)
  [1m[35m (0.2ms)[0m  [1m[35mBEGIN[0m
  ↳ bin/rails:9
  [1m[35m (29.9ms)[0m  [1m[35mCREATE TABLE "cat_rental_requests" ("id" bigserial primary key, "cat_id" integer NOT NULL, "start_date" date NOT NULL, "end_date" date NOT NULL, "status" character varying NOT NULL, "created_at" timestamp NOT NULL, "updated_at" timestamp NOT NULL)[0m
  ↳ db/migrate/20201206173116_create_cat_rental_requests.rb:3
  [1m[35m (1.0ms)[0m  [1m[35mCREATE  INDEX  "index_cat_rental_requests_on_cat_id" ON "cat_rental_requests"  ("cat_id")[0m
  ↳ db/migrate/20201206173116_create_cat_rental_requests.rb:12
  [1m[36mActiveRecord::SchemaMigration Create (0.4ms)[0m  [1m[32mINSERT INTO "schema_migrations" ("version") VALUES ($1) RETURNING "version"[0m  [["version", "20201206173116"]]
  ↳ bin/rails:9
  [1m[35m (0.6ms)[0m  [1m[35mCOMMIT[0m
  ↳ bin/rails:9
  [1m[36mActiveRecord::InternalMetadata Load (6.1ms)[0m  [1m[34mSELECT  "ar_internal_metadata".* FROM "ar_internal_metadata" WHERE "ar_internal_metadata"."key" = $1 LIMIT $2[0m  [["key", "environment"], ["LIMIT", 1]]
  ↳ bin/rails:9
  [1m[35m (0.2ms)[0m  [1m[35mBEGIN[0m
  ↳ bin/rails:9
  [1m[35m (0.2ms)[0m  [1m[35mCOMMIT[0m
  ↳ bin/rails:9
  [1m[35m (0.3ms)[0m  [1m[34mSELECT pg_advisory_unlock(723150122408807205)[0m
  ↳ bin/rails:9
  [1m[35m (0.2ms)[0m  [1m[34mSELECT "schema_migrations"."version" FROM "schema_migrations" ORDER BY "schema_migrations"."version" ASC[0m
  ↳ bin/rails:9
  [1m[35m (1.0ms)[0m  [1m[34mSELECT "schema_migrations"."version" FROM "schema_migrations" ORDER BY "schema_migrations"."version" ASC[0m
  ↳ /Users/trevorpolidore/.rbenv/versions/2.5.1/bin/annotate:23
Started GET "/cats" for ::1 at 2020-12-07 18:10:43 -0700
  [1m[35m (1.8ms)[0m  [1m[34mSELECT "schema_migrations"."version" FROM "schema_migrations" ORDER BY "schema_migrations"."version" ASC[0m
  ↳ /Users/trevorpolidore/.rbenv/versions/2.5.1/lib/ruby/gems/2.5.0/gems/activerecord-5.2.4.4/lib/active_record/log_subscriber.rb:98
Processing by CatsController#index as HTML
  Rendering cats/index.html.erb within layouts/application
  [1m[36mCat Load (12.3ms)[0m  [1m[34mSELECT "cats".* FROM "cats"[0m
  ↳ app/views/cats/index.html.erb:5
  Rendered cats/index.html.erb within layouts/application (44.2ms)
Completed 200 OK in 230ms (Views: 188.7ms | ActiveRecord: 32.3ms)


Started GET "/cat_rental_request/new" for ::1 at 2020-12-07 18:10:53 -0700
  
ActionController::RoutingError (No route matches [GET] "/cat_rental_request/new"):
  
actionpack (5.2.4.4) lib/action_dispatch/middleware/debug_exceptions.rb:65:in `call'
web-console (3.7.0) lib/web_console/middleware.rb:135:in `call_app'
web-console (3.7.0) lib/web_console/middleware.rb:30:in `block in call'
web-console (3.7.0) lib/web_console/middleware.rb:20:in `catch'
web-console (3.7.0) lib/web_console/middleware.rb:20:in `call'
actionpack (5.2.4.4) lib/action_dispatch/middleware/show_exceptions.rb:33:in `call'
railties (5.2.4.4) lib/rails/rack/logger.rb:38:in `call_app'
railties (5.2.4.4) lib/rails/rack/logger.rb:26:in `block in call'
activesupport (5.2.4.4) lib/active_support/tagged_logging.rb:71:in `block in tagged'
activesupport (5.2.4.4) lib/active_support/tagged_logging.rb:28:in `tagged'
activesupport (5.2.4.4) lib/active_support/tagged_logging.rb:71:in `tagged'
railties (5.2.4.4) lib/rails/rack/logger.rb:26:in `call'
sprockets-rails (3.2.2) lib/sprockets/rails/quiet_assets.rb:13:in `call'
actionpack (5.2.4.4) lib/action_dispatch/middleware/remote_ip.rb:81:in `call'
actionpack (5.2.4.4) lib/action_dispatch/middleware/request_id.rb:27:in `call'
rack (2.2.3) lib/rack/method_override.rb:24:in `call'
rack (2.2.3) lib/rack/runtime.rb:22:in `call'
activesupport (5.2.4.4) lib/active_support/cache/strategy/local_cache_middleware.rb:29:in `call'
actionpack (5.2.4.4) lib/action_dispatch/middleware/executor.rb:14:in `call'
actionpack (5.2.4.4) lib/action_dispatch/middleware/static.rb:127:in `call'
rack (2.2.3) lib/rack/sendfile.rb:110:in `call'
railties (5.2.4.4) lib/rails/engine.rb:524:in `call'
puma (3.12.6) lib/puma/configuration.rb:227:in `call'
puma (3.12.6) lib/puma/server.rb:706:in `handle_request'
puma (3.12.6) lib/puma/server.rb:476:in `process_client'
puma (3.12.6) lib/puma/server.rb:334:in `block in run'
puma (3.12.6) lib/puma/thread_pool.rb:135:in `block in spawn_thread'
Started GET "/cat_rental_requests/new" for ::1 at 2020-12-07 18:11:29 -0700
Processing by CatRentalRequestsController#new as HTML
  Rendering cat_rental_requests/new.html.erb within layouts/application
  Rendered cat_rental_requests/new.html.erb within layouts/application (0.2ms)
Completed 200 OK in 18ms (Views: 17.6ms | ActiveRecord: 0.0ms)


Started GET "/cat_rental_requests/new" for ::1 at 2020-12-07 18:13:27 -0700
Processing by CatRentalRequestsController#new as HTML
  Rendering cat_rental_requests/new.html.erb within layouts/application
  Rendered cat_rental_requests/new.html.erb within layouts/application (0.5ms)
Completed 200 OK in 38ms (Views: 37.5ms | ActiveRecord: 0.0ms)


Started GET "/cat_rental_requests/new" for ::1 at 2020-12-07 18:17:05 -0700
Processing by CatRentalRequestsController#new as HTML
  Rendering cat_rental_requests/new.html.erb within layouts/application
  [1m[36mCat Load (0.7ms)[0m  [1m[34mSELECT "cats".* FROM "cats"[0m
  ↳ app/views/cat_rental_requests/new.html.erb:8
  Rendered cat_rental_requests/new.html.erb within layouts/application (1.9ms)
Completed 200 OK in 21ms (Views: 19.8ms | ActiveRecord: 0.7ms)


Started GET "/cat_rental_requests/new" for ::1 at 2020-12-07 18:21:39 -0700
Processing by CatRentalRequestsController#new as HTML
  Rendering cat_rental_requests/new.html.erb within layouts/application
  Rendered cat_rental_requests/new.html.erb within layouts/application (302.8ms)
Completed 500 Internal Server Error in 310ms (ActiveRecord: 0.0ms)



NameError - undefined local variable or method `cat_rental_request_url' for #<#<Class:0x00007f8ccbfab130>:0x00007f8ccd0c9e30>
Did you mean?  cat_rental_requests_url
               cat_rental_requests_path:
  app/views/cat_rental_requests/new.html.erb:3:in `_app_views_cat_rental_requests_new_html_erb__2970522786110083499_70121372822920'
  app/controllers/cat_rental_requests_controller.rb:5:in `new'

Started POST "/__better_errors/b0f12f89f6ca9bd6/variables" for ::1 at 2020-12-07 18:21:39 -0700
Started GET "/cat_rental_requests/new" for ::1 at 2020-12-07 18:21:55 -0700
Processing by CatRentalRequestsController#new as HTML
  Rendering cat_rental_requests/new.html.erb within layouts/application
  [1m[36mCat Load (0.4ms)[0m  [1m[34mSELECT "cats".* FROM "cats"[0m
  ↳ app/views/cat_rental_requests/new.html.erb:8
  Rendered cat_rental_requests/new.html.erb within layouts/application (2.2ms)
Completed 200 OK in 26ms (Views: 25.7ms | ActiveRecord: 0.4ms)


Started GET "/cat_rental_requests/new" for ::1 at 2020-12-07 18:24:36 -0700
Processing by CatRentalRequestsController#new as HTML
  Rendering cat_rental_requests/new.html.erb within layouts/application
  [1m[36mCat Load (0.4ms)[0m  [1m[34mSELECT "cats".* FROM "cats"[0m
  ↳ app/views/cat_rental_requests/new.html.erb:8
  Rendered cat_rental_requests/new.html.erb within layouts/application (22.7ms)
Completed 200 OK in 42ms (Views: 32.5ms | ActiveRecord: 9.2ms)


Started POST "/cat_rental_requests%" for ::1 at 2020-12-07 18:24:42 -0700
  
ActionController::RoutingError (No route matches [POST] "/cat_rental_requests%"):
  
actionpack (5.2.4.4) lib/action_dispatch/middleware/debug_exceptions.rb:65:in `call'
web-console (3.7.0) lib/web_console/middleware.rb:135:in `call_app'
web-console (3.7.0) lib/web_console/middleware.rb:30:in `block in call'
web-console (3.7.0) lib/web_console/middleware.rb:20:in `catch'
web-console (3.7.0) lib/web_console/middleware.rb:20:in `call'
actionpack (5.2.4.4) lib/action_dispatch/middleware/show_exceptions.rb:33:in `call'
railties (5.2.4.4) lib/rails/rack/logger.rb:38:in `call_app'
railties (5.2.4.4) lib/rails/rack/logger.rb:26:in `block in call'
activesupport (5.2.4.4) lib/active_support/tagged_logging.rb:71:in `block in tagged'
activesupport (5.2.4.4) lib/active_support/tagged_logging.rb:28:in `tagged'
activesupport (5.2.4.4) lib/active_support/tagged_logging.rb:71:in `tagged'
railties (5.2.4.4) lib/rails/rack/logger.rb:26:in `call'
sprockets-rails (3.2.2) lib/sprockets/rails/quiet_assets.rb:13:in `call'
actionpack (5.2.4.4) lib/action_dispatch/middleware/remote_ip.rb:81:in `call'
actionpack (5.2.4.4) lib/action_dispatch/middleware/request_id.rb:27:in `call'
rack (2.2.3) lib/rack/method_override.rb:24:in `call'
rack (2.2.3) lib/rack/runtime.rb:22:in `call'
activesupport (5.2.4.4) lib/active_support/cache/strategy/local_cache_middleware.rb:29:in `call'
actionpack (5.2.4.4) lib/action_dispatch/middleware/executor.rb:14:in `call'
actionpack (5.2.4.4) lib/action_dispatch/middleware/static.rb:127:in `call'
rack (2.2.3) lib/rack/sendfile.rb:110:in `call'
railties (5.2.4.4) lib/rails/engine.rb:524:in `call'
puma (3.12.6) lib/puma/configuration.rb:227:in `call'
puma (3.12.6) lib/puma/server.rb:706:in `handle_request'
puma (3.12.6) lib/puma/server.rb:476:in `process_client'
puma (3.12.6) lib/puma/server.rb:334:in `block in run'
puma (3.12.6) lib/puma/thread_pool.rb:135:in `block in spawn_thread'
Started GET "/cat_rental_requests%" for ::1 at 2020-12-07 18:26:21 -0700
  
ActionController::RoutingError (No route matches [GET] "/cat_rental_requests%"):
  
actionpack (5.2.4.4) lib/action_dispatch/middleware/debug_exceptions.rb:65:in `call'
web-console (3.7.0) lib/web_console/middleware.rb:135:in `call_app'
web-console (3.7.0) lib/web_console/middleware.rb:30:in `block in call'
web-console (3.7.0) lib/web_console/middleware.rb:20:in `catch'
web-console (3.7.0) lib/web_console/middleware.rb:20:in `call'
actionpack (5.2.4.4) lib/action_dispatch/middleware/show_exceptions.rb:33:in `call'
railties (5.2.4.4) lib/rails/rack/logger.rb:38:in `call_app'
railties (5.2.4.4) lib/rails/rack/logger.rb:26:in `block in call'
activesupport (5.2.4.4) lib/active_support/tagged_logging.rb:71:in `block in tagged'
activesupport (5.2.4.4) lib/active_support/tagged_logging.rb:28:in `tagged'
activesupport (5.2.4.4) lib/active_support/tagged_logging.rb:71:in `tagged'
railties (5.2.4.4) lib/rails/rack/logger.rb:26:in `call'
sprockets-rails (3.2.2) lib/sprockets/rails/quiet_assets.rb:13:in `call'
actionpack (5.2.4.4) lib/action_dispatch/middleware/remote_ip.rb:81:in `call'
actionpack (5.2.4.4) lib/action_dispatch/middleware/request_id.rb:27:in `call'
rack (2.2.3) lib/rack/method_override.rb:24:in `call'
rack (2.2.3) lib/rack/runtime.rb:22:in `call'
activesupport (5.2.4.4) lib/active_support/cache/strategy/local_cache_middleware.rb:29:in `call'
actionpack (5.2.4.4) lib/action_dispatch/middleware/executor.rb:14:in `call'
actionpack (5.2.4.4) lib/action_dispatch/middleware/static.rb:127:in `call'
rack (2.2.3) lib/rack/sendfile.rb:110:in `call'
railties (5.2.4.4) lib/rails/engine.rb:524:in `call'
puma (3.12.6) lib/puma/configuration.rb:227:in `call'
puma (3.12.6) lib/puma/server.rb:706:in `handle_request'
puma (3.12.6) lib/puma/server.rb:476:in `process_client'
puma (3.12.6) lib/puma/server.rb:334:in `block in run'
puma (3.12.6) lib/puma/thread_pool.rb:135:in `block in spawn_thread'
Started GET "/cat_rental_requests/new" for ::1 at 2020-12-07 18:26:25 -0700
Processing by CatRentalRequestsController#new as HTML
  Rendering cat_rental_requests/new.html.erb within layouts/application
  [1m[36mCat Load (0.4ms)[0m  [1m[34mSELECT "cats".* FROM "cats"[0m
  ↳ app/views/cat_rental_requests/new.html.erb:8
  Rendered cat_rental_requests/new.html.erb within layouts/application (2.0ms)
Completed 200 OK in 19ms (Views: 18.7ms | ActiveRecord: 0.4ms)


Started POST "/cat_rental_requests" for ::1 at 2020-12-07 18:26:31 -0700
Processing by CatRentalRequestsController#create as HTML
  Parameters: {"cat_rental_request"=>{"cat_id"=>"1", "start_date"=>"2020-12-01", "end_date"=>"2020-12-03"}}
  [1m[35m (0.2ms)[0m  [1m[35mBEGIN[0m
  ↳ app/controllers/cat_rental_requests_controller.rb:11
  [1m[36mCat Load (0.3ms)[0m  [1m[34mSELECT  "cats".* FROM "cats" WHERE "cats"."id" = $1 LIMIT $2[0m  [["id", 1], ["LIMIT", 1]]
  ↳ app/controllers/cat_rental_requests_controller.rb:11
  [1m[36mCatRentalRequest Create (24.2ms)[0m  [1m[32mINSERT INTO "cat_rental_requests" ("cat_id", "start_date", "end_date", "status", "created_at", "updated_at") VALUES ($1, $2, $3, $4, $5, $6) RETURNING "id"[0m  [["cat_id", 1], ["start_date", "2020-12-01"], ["end_date", "2020-12-03"], ["status", "PENDING"], ["created_at", "2020-12-08 01:26:31.840315"], ["updated_at", "2020-12-08 01:26:31.840315"]]
  ↳ app/controllers/cat_rental_requests_controller.rb:11
  [1m[35m (0.7ms)[0m  [1m[35mCOMMIT[0m
  ↳ app/controllers/cat_rental_requests_controller.rb:11
  Rendering cat_rental_requests/new.html.erb within layouts/application
  [1m[36mCat Load (0.4ms)[0m  [1m[34mSELECT "cats".* FROM "cats"[0m
  ↳ app/views/cat_rental_requests/new.html.erb:8
  Rendered cat_rental_requests/new.html.erb within layouts/application (1.7ms)
Completed 200 OK in 80ms (Views: 19.4ms | ActiveRecord: 30.6ms)


Started GET "/cat_rental_requests" for ::1 at 2020-12-07 18:55:23 -0700
  
ActionController::RoutingError (No route matches [GET] "/cat_rental_requests"):
  
actionpack (5.2.4.4) lib/action_dispatch/middleware/debug_exceptions.rb:65:in `call'
web-console (3.7.0) lib/web_console/middleware.rb:135:in `call_app'
web-console (3.7.0) lib/web_console/middleware.rb:30:in `block in call'
web-console (3.7.0) lib/web_console/middleware.rb:20:in `catch'
web-console (3.7.0) lib/web_console/middleware.rb:20:in `call'
actionpack (5.2.4.4) lib/action_dispatch/middleware/show_exceptions.rb:33:in `call'
railties (5.2.4.4) lib/rails/rack/logger.rb:38:in `call_app'
railties (5.2.4.4) lib/rails/rack/logger.rb:26:in `block in call'
activesupport (5.2.4.4) lib/active_support/tagged_logging.rb:71:in `block in tagged'
activesupport (5.2.4.4) lib/active_support/tagged_logging.rb:28:in `tagged'
activesupport (5.2.4.4) lib/active_support/tagged_logging.rb:71:in `tagged'
railties (5.2.4.4) lib/rails/rack/logger.rb:26:in `call'
sprockets-rails (3.2.2) lib/sprockets/rails/quiet_assets.rb:13:in `call'
actionpack (5.2.4.4) lib/action_dispatch/middleware/remote_ip.rb:81:in `call'
actionpack (5.2.4.4) lib/action_dispatch/middleware/request_id.rb:27:in `call'
rack (2.2.3) lib/rack/method_override.rb:24:in `call'
rack (2.2.3) lib/rack/runtime.rb:22:in `call'
activesupport (5.2.4.4) lib/active_support/cache/strategy/local_cache_middleware.rb:29:in `call'
actionpack (5.2.4.4) lib/action_dispatch/middleware/executor.rb:14:in `call'
actionpack (5.2.4.4) lib/action_dispatch/middleware/static.rb:127:in `call'
rack (2.2.3) lib/rack/sendfile.rb:110:in `call'
railties (5.2.4.4) lib/rails/engine.rb:524:in `call'
puma (3.12.6) lib/puma/configuration.rb:227:in `call'
puma (3.12.6) lib/puma/server.rb:706:in `handle_request'
puma (3.12.6) lib/puma/server.rb:476:in `process_client'
puma (3.12.6) lib/puma/server.rb:334:in `block in run'
puma (3.12.6) lib/puma/thread_pool.rb:135:in `block in spawn_thread'
Started GET "/cat_rental_requests/new" for ::1 at 2020-12-07 18:55:54 -0700
  [1m[35m (1.2ms)[0m  [1m[34mSELECT "schema_migrations"."version" FROM "schema_migrations" ORDER BY "schema_migrations"."version" ASC[0m
  ↳ /Users/trevorpolidore/.rbenv/versions/2.5.1/lib/ruby/gems/2.5.0/gems/activerecord-5.2.4.4/lib/active_record/log_subscriber.rb:98
Processing by CatRentalRequestsController#new as HTML
  Rendering cat_rental_requests/new.html.erb within layouts/application
  [1m[36mCat Load (0.6ms)[0m  [1m[34mSELECT "cats".* FROM "cats"[0m
  ↳ app/views/cat_rental_requests/new.html.erb:8
  Rendered cat_rental_requests/new.html.erb within layouts/application (30.9ms)
Completed 200 OK in 208ms (Views: 193.1ms | ActiveRecord: 10.9ms)


Started POST "/cat_rental_requests" for ::1 at 2020-12-07 18:56:07 -0700
Processing by CatRentalRequestsController#create as HTML
  Parameters: {"cat_rental_request"=>{"cat_id"=>"4", "start_date"=>"2020-11-04", "end_date"=>"2020-12-11"}}
  [1m[35m (0.1ms)[0m  [1m[35mBEGIN[0m
  ↳ app/controllers/cat_rental_requests_controller.rb:11
  [1m[36mCat Load (0.6ms)[0m  [1m[34mSELECT  "cats".* FROM "cats" WHERE "cats"."id" = $1 LIMIT $2[0m  [["id", 4], ["LIMIT", 1]]
  ↳ app/controllers/cat_rental_requests_controller.rb:11
  [1m[36mCatRentalRequest Create (0.7ms)[0m  [1m[32mINSERT INTO "cat_rental_requests" ("cat_id", "start_date", "end_date", "status", "created_at", "updated_at") VALUES ($1, $2, $3, $4, $5, $6) RETURNING "id"[0m  [["cat_id", 4], ["start_date", "2020-11-04"], ["end_date", "2020-12-11"], ["status", "PENDING"], ["created_at", "2020-12-08 01:56:07.922850"], ["updated_at", "2020-12-08 01:56:07.922850"]]
  ↳ app/controllers/cat_rental_requests_controller.rb:11
  [1m[35m (6.3ms)[0m  [1m[35mCOMMIT[0m
  ↳ app/controllers/cat_rental_requests_controller.rb:11
  Rendering cat_rental_requests/new.html.erb within layouts/application
  [1m[36mCat Load (0.4ms)[0m  [1m[34mSELECT "cats".* FROM "cats"[0m
  ↳ app/views/cat_rental_requests/new.html.erb:8
  Rendered cat_rental_requests/new.html.erb within layouts/application (2.0ms)
Completed 200 OK in 63ms (Views: 21.1ms | ActiveRecord: 17.7ms)


  [1m[36mCatRentalRequest Load (0.7ms)[0m  [1m[34mSELECT "cat_rental_requests".* FROM "cat_rental_requests"[0m
  [1m[36mCatRentalRequest Load (0.4ms)[0m  [1m[34mSELECT  "cat_rental_requests".* FROM "cat_rental_requests" ORDER BY "cat_rental_requests"."id" ASC LIMIT $1[0m  [["LIMIT", 1]]
  [1m[36mCatRentalRequest Load (0.4ms)[0m  [1m[34mSELECT  "cat_rental_requests".* FROM "cat_rental_requests" ORDER BY "cat_rental_requests"."id" ASC LIMIT $1[0m  [["LIMIT", 1]]
Started GET "/cats" for ::1 at 2020-12-07 19:05:45 -0700
Processing by CatsController#index as HTML
  Rendering cats/index.html.erb within layouts/application
  [1m[36mCat Load (0.7ms)[0m  [1m[34mSELECT "cats".* FROM "cats"[0m
  ↳ app/views/cats/index.html.erb:5
  Rendered cats/index.html.erb within layouts/application (22.2ms)
Completed 200 OK in 50ms (Views: 35.9ms | ActiveRecord: 9.7ms)


Started GET "/cats/4" for ::1 at 2020-12-07 19:05:48 -0700
Processing by CatsController#show as HTML
  Parameters: {"id"=>"4"}
  [1m[36mCat Load (0.3ms)[0m  [1m[34mSELECT  "cats".* FROM "cats" WHERE "cats"."id" = $1 LIMIT $2[0m  [["id", 4], ["LIMIT", 1]]
  ↳ app/controllers/cats_controller.rb:9
  Rendering cats/show.html.erb within layouts/application
  Rendered cats/show.html.erb within layouts/application (2.1ms)
Completed 500 Internal Server Error in 11ms (ActiveRecord: 0.5ms)



SyntaxError - syntax error, unexpected ')', expecting '='
... req.start_date, req.end_date );@output_buffer.safe_append='
...                              ^
/Users/trevorpolidore/Desktop/aA-homeworks-2/ninety_nine_cats/app/views/cats/show.html.erb:14: syntax error, unexpected keyword_end, expecting ')'
'.freeze;     end  
              ^~~
/Users/trevorpolidore/Desktop/aA-homeworks-2/ninety_nine_cats/app/views/cats/show.html.erb:17: syntax error, unexpected keyword_ensure, expecting ')'
          ensure
          ^~~~~~
/Users/trevorpolidore/Desktop/aA-homeworks-2/ninety_nine_cats/app/views/cats/show.html.erb:19: syntax error, unexpected keyword_end, expecting ')'
          end
          ^~~:
  app/views/cats/show.html.erb:13:in `'
  app/controllers/cats_controller.rb:10:in `show'

Started POST "/__better_errors/11dfa0c247a09db9/variables" for ::1 at 2020-12-07 19:05:48 -0700
Started GET "/cats/4" for ::1 at 2020-12-07 19:06:42 -0700
Processing by CatsController#show as HTML
  Parameters: {"id"=>"4"}
  [1m[36mCat Load (0.3ms)[0m  [1m[34mSELECT  "cats".* FROM "cats" WHERE "cats"."id" = $1 LIMIT $2[0m  [["id", 4], ["LIMIT", 1]]
  ↳ app/controllers/cats_controller.rb:9
  Rendering cats/show.html.erb within layouts/application
  [1m[36mCatRentalRequest Load (0.5ms)[0m  [1m[34mSELECT "cat_rental_requests".* FROM "cat_rental_requests" WHERE "cat_rental_requests"."cat_id" = $1[0m  [["cat_id", 4]]
  ↳ app/views/cats/show.html.erb:13
  Rendered cats/show.html.erb within layouts/application (34.8ms)
Completed 200 OK in 55ms (Views: 48.1ms | ActiveRecord: 6.2ms)


Started GET "/cats/4" for ::1 at 2020-12-07 19:13:09 -0700
Processing by CatsController#show as HTML
  Parameters: {"id"=>"4"}
  [1m[36mCat Load (0.4ms)[0m  [1m[34mSELECT  "cats".* FROM "cats" WHERE "cats"."id" = $1 LIMIT $2[0m  [["id", 4], ["LIMIT", 1]]
  ↳ app/controllers/cats_controller.rb:9
  Rendering cats/show.html.erb within layouts/application
  [1m[36mCatRentalRequest Load (0.7ms)[0m  [1m[34mSELECT "cat_rental_requests".* FROM "cat_rental_requests" WHERE "cat_rental_requests"."cat_id" = $1[0m  [["cat_id", 4]]
  ↳ app/views/cats/show.html.erb:14
  Rendered cats/show.html.erb within layouts/application (352.8ms)
Completed 500 Internal Server Error in 380ms (ActiveRecord: 18.4ms)



NameError - undefined local variable or method `approve_cat_rental_request' for #<#<Class:0x00007fad9a024690>:0x00007fad982ee648>
Did you mean?  approve_cat_rental_request_url
               approve_cat_rental_request_path:
  app/views/cats/show.html.erb:16:in `block in _app_views_cats_show_html_erb___2264720668462140288_70191779637440'
  app/views/cats/show.html.erb:14:in `_app_views_cats_show_html_erb___2264720668462140288_70191779637440'
  app/controllers/cats_controller.rb:10:in `show'

Started POST "/__better_errors/f395269a342c2630/variables" for ::1 at 2020-12-07 19:13:10 -0700
Started GET "/cats/4" for ::1 at 2020-12-07 19:13:57 -0700
Processing by CatsController#show as HTML
  Parameters: {"id"=>"4"}
  [1m[36mCat Load (0.5ms)[0m  [1m[34mSELECT  "cats".* FROM "cats" WHERE "cats"."id" = $1 LIMIT $2[0m  [["id", 4], ["LIMIT", 1]]
  ↳ app/controllers/cats_controller.rb:9
  Rendering cats/show.html.erb within layouts/application
  [1m[36mCatRentalRequest Load (0.5ms)[0m  [1m[34mSELECT "cat_rental_requests".* FROM "cat_rental_requests" WHERE "cat_rental_requests"."cat_id" = $1[0m  [["cat_id", 4]]
  ↳ app/views/cats/show.html.erb:14
  Rendered cats/show.html.erb within layouts/application (2.7ms)
Completed 200 OK in 21ms (Views: 18.8ms | ActiveRecord: 1.0ms)


Started POST "/cat_rental_requests/2/approve" for ::1 at 2020-12-07 19:14:00 -0700
Processing by CatRentalRequestsController#approve as HTML
  Parameters: {"id"=>"2"}
No template found for CatRentalRequestsController#approve, rendering head :no_content
Completed 204 No Content in 125ms (ActiveRecord: 0.0ms)


Started POST "/cat_rental_requests/2/deny" for ::1 at 2020-12-07 19:14:09 -0700
Processing by CatRentalRequestsController#deny as HTML
  Parameters: {"id"=>"2"}
No template found for CatRentalRequestsController#deny, rendering head :no_content
Completed 204 No Content in 125ms (ActiveRecord: 0.0ms)


Started GET "/cats/4" for ::1 at 2020-12-07 19:16:12 -0700
Processing by CatsController#show as HTML
  Parameters: {"id"=>"4"}
  [1m[36mCat Load (0.3ms)[0m  [1m[34mSELECT  "cats".* FROM "cats" WHERE "cats"."id" = $1 LIMIT $2[0m  [["id", 4], ["LIMIT", 1]]
  ↳ app/controllers/cats_controller.rb:9
  Rendering cats/show.html.erb within layouts/application
  [1m[36mCatRentalRequest Load (0.4ms)[0m  [1m[34mSELECT "cat_rental_requests".* FROM "cat_rental_requests" WHERE "cat_rental_requests"."cat_id" = $1[0m  [["cat_id", 4]]
  ↳ app/views/cats/show.html.erb:14
  Rendered cats/show.html.erb within layouts/application (4.3ms)
Completed 200 OK in 40ms (Views: 38.3ms | ActiveRecord: 0.7ms)


Started GET "/cats/4" for ::1 at 2020-12-07 19:17:05 -0700
Processing by CatsController#show as HTML
  Parameters: {"id"=>"4"}
  [1m[36mCat Load (0.3ms)[0m  [1m[34mSELECT  "cats".* FROM "cats" WHERE "cats"."id" = $1 LIMIT $2[0m  [["id", 4], ["LIMIT", 1]]
  ↳ app/controllers/cats_controller.rb:9
  Rendering cats/show.html.erb within layouts/application
  [1m[36mCatRentalRequest Load (0.2ms)[0m  [1m[34mSELECT "cat_rental_requests".* FROM "cat_rental_requests" WHERE "cat_rental_requests"."cat_id" = $1[0m  [["cat_id", 4]]
  ↳ app/views/cats/show.html.erb:14
  Rendered cats/show.html.erb within layouts/application (17.5ms)
Completed 200 OK in 53ms (Views: 31.4ms | ActiveRecord: 11.6ms)


Started POST "/cat_rental_requests/2/approve" for ::1 at 2020-12-07 19:17:06 -0700
Processing by CatRentalRequestsController#approve as HTML
  Parameters: {"id"=>"2"}
  [1m[36mCatRentalRequest Load (0.4ms)[0m  [1m[34mSELECT  "cat_rental_requests".* FROM "cat_rental_requests" WHERE "cat_rental_requests"."id" = $1 LIMIT $2[0m  [["id", 2], ["LIMIT", 1]]
  ↳ app/controllers/cat_rental_requests_controller.rb:19
  [1m[35m (0.1ms)[0m  [1m[35mBEGIN[0m
  ↳ app/models/cat_rental_request.rb:25
  [1m[36mCat Load (0.3ms)[0m  [1m[34mSELECT  "cats".* FROM "cats" WHERE "cats"."id" = $1 LIMIT $2[0m  [["id", 4], ["LIMIT", 1]]
  ↳ app/models/cat_rental_request.rb:27
  [1m[36mCatRentalRequest Update (6.5ms)[0m  [1m[33mUPDATE "cat_rental_requests" SET "status" = $1, "updated_at" = $2 WHERE "cat_rental_requests"."id" = $3[0m  [["status", "APPROVED"], ["updated_at", "2020-12-08 02:17:07.012903"], ["id", 2]]
  ↳ app/models/cat_rental_request.rb:27
  [1m[36mCatRentalRequest Load (1.0ms)[0m  [1m[34mSELECT "cat_rental_requests".* FROM "cat_rental_requests" WHERE "cat_rental_requests"."id" != $1 AND "cat_rental_requests"."cat_id" = $2 AND NOT (start_date > '2020-12-11' OR end_date > '2020-11-04') AND (status = 'PENDING')[0m  [["id", 2], ["cat_id", 4]]
  ↳ app/models/cat_rental_request.rb:28
  [1m[35m (5.1ms)[0m  [1m[35mCOMMIT[0m
  ↳ app/models/cat_rental_request.rb:25
No template found for CatRentalRequestsController#approve, rendering head :no_content
Completed 204 No Content in 147ms (ActiveRecord: 13.3ms)


Started GET "/cats/4" for ::1 at 2020-12-07 19:17:11 -0700
Processing by CatsController#show as HTML
  Parameters: {"id"=>"4"}
  [1m[36mCat Load (0.3ms)[0m  [1m[34mSELECT  "cats".* FROM "cats" WHERE "cats"."id" = $1 LIMIT $2[0m  [["id", 4], ["LIMIT", 1]]
  ↳ app/controllers/cats_controller.rb:9
  Rendering cats/show.html.erb within layouts/application
  [1m[36mCatRentalRequest Load (0.6ms)[0m  [1m[34mSELECT "cat_rental_requests".* FROM "cat_rental_requests" WHERE "cat_rental_requests"."cat_id" = $1[0m  [["cat_id", 4]]
  ↳ app/views/cats/show.html.erb:14
  Rendered cats/show.html.erb within layouts/application (2.8ms)
Completed 200 OK in 21ms (Views: 19.2ms | ActiveRecord: 0.9ms)


Started GET "/cats" for ::1 at 2020-12-07 19:18:04 -0700
Processing by CatsController#index as HTML
  Rendering cats/index.html.erb within layouts/application
  [1m[36mCat Load (0.4ms)[0m  [1m[34mSELECT "cats".* FROM "cats"[0m
  ↳ app/views/cats/index.html.erb:5
  Rendered cats/index.html.erb within layouts/application (20.1ms)
Completed 200 OK in 42ms (Views: 32.7ms | ActiveRecord: 5.4ms)


Started GET "/cats/1" for ::1 at 2020-12-07 19:18:06 -0700
Processing by CatsController#show as HTML
  Parameters: {"id"=>"1"}
  [1m[36mCat Load (0.2ms)[0m  [1m[34mSELECT  "cats".* FROM "cats" WHERE "cats"."id" = $1 LIMIT $2[0m  [["id", 1], ["LIMIT", 1]]
  ↳ app/controllers/cats_controller.rb:9
  Rendering cats/show.html.erb within layouts/application
  [1m[36mCatRentalRequest Load (0.3ms)[0m  [1m[34mSELECT "cat_rental_requests".* FROM "cat_rental_requests" WHERE "cat_rental_requests"."cat_id" = $1[0m  [["cat_id", 1]]
  ↳ app/views/cats/show.html.erb:14
  Rendered cats/show.html.erb within layouts/application (16.2ms)
Completed 200 OK in 36ms (Views: 30.3ms | ActiveRecord: 4.9ms)


Started POST "/cat_rental_requests/1/deny" for ::1 at 2020-12-07 19:18:10 -0700
Processing by CatRentalRequestsController#deny as HTML
  Parameters: {"id"=>"1"}
  [1m[36mCatRentalRequest Load (0.7ms)[0m  [1m[34mSELECT  "cat_rental_requests".* FROM "cat_rental_requests" WHERE "cat_rental_requests"."id" = $1 LIMIT $2[0m  [["id", 1], ["LIMIT", 1]]
  ↳ app/controllers/cat_rental_requests_controller.rb:25
Completed 500 Internal Server Error in 9ms (ActiveRecord: 0.7ms)



NoMethodError - undefined method `satus=' for #<CatRentalRequest:0x00007fad9e829eb8>
Did you mean?  status=
               status:
  app/models/cat_rental_request.rb:33:in `deny!'
  app/controllers/cat_rental_requests_controller.rb:26:in `deny'

Started POST "/__better_errors/e6920ed996a2cf5a/variables" for ::1 at 2020-12-07 19:18:10 -0700
Started GET "/cats" for ::1 at 2020-12-07 19:18:36 -0700
Processing by CatsController#index as HTML
  Rendering cats/index.html.erb within layouts/application
  [1m[36mCat Load (0.4ms)[0m  [1m[34mSELECT "cats".* FROM "cats"[0m
  ↳ app/views/cats/index.html.erb:5
  Rendered cats/index.html.erb within layouts/application (19.3ms)
Completed 200 OK in 51ms (Views: 39.5ms | ActiveRecord: 8.6ms)


Started GET "/cats/1" for ::1 at 2020-12-07 19:18:37 -0700
Processing by CatsController#show as HTML
  Parameters: {"id"=>"1"}
  [1m[36mCat Load (0.3ms)[0m  [1m[34mSELECT  "cats".* FROM "cats" WHERE "cats"."id" = $1 LIMIT $2[0m  [["id", 1], ["LIMIT", 1]]
  ↳ app/controllers/cats_controller.rb:9
  Rendering cats/show.html.erb within layouts/application
  [1m[36mCatRentalRequest Load (0.2ms)[0m  [1m[34mSELECT "cat_rental_requests".* FROM "cat_rental_requests" WHERE "cat_rental_requests"."cat_id" = $1[0m  [["cat_id", 1]]
  ↳ app/views/cats/show.html.erb:14
  Rendered cats/show.html.erb within layouts/application (15.3ms)
Completed 200 OK in 36ms (Views: 29.9ms | ActiveRecord: 4.5ms)


Started POST "/cat_rental_requests/1/deny" for ::1 at 2020-12-07 19:18:39 -0700
Processing by CatRentalRequestsController#deny as HTML
  Parameters: {"id"=>"1"}
  [1m[36mCatRentalRequest Load (1.0ms)[0m  [1m[34mSELECT  "cat_rental_requests".* FROM "cat_rental_requests" WHERE "cat_rental_requests"."id" = $1 LIMIT $2[0m  [["id", 1], ["LIMIT", 1]]
  ↳ app/controllers/cat_rental_requests_controller.rb:25
  [1m[35m (0.2ms)[0m  [1m[35mBEGIN[0m
  ↳ app/models/cat_rental_request.rb:34
  [1m[36mCat Load (0.2ms)[0m  [1m[34mSELECT  "cats".* FROM "cats" WHERE "cats"."id" = $1 LIMIT $2[0m  [["id", 1], ["LIMIT", 1]]
  ↳ app/models/cat_rental_request.rb:34
  [1m[36mCatRentalRequest Update (0.3ms)[0m  [1m[33mUPDATE "cat_rental_requests" SET "status" = $1, "updated_at" = $2 WHERE "cat_rental_requests"."id" = $3[0m  [["status", "DENIED"], ["updated_at", "2020-12-08 02:18:39.417044"], ["id", 1]]
  ↳ app/models/cat_rental_request.rb:34
  [1m[35m (5.9ms)[0m  [1m[35mCOMMIT[0m
  ↳ app/models/cat_rental_request.rb:34
Completed 500 Internal Server Error in 96ms (ActiveRecord: 7.6ms)



NoMethodError - undefined method `cat_rental_request' for #<CatRentalRequestsController:0x00007fad9e84bbf8>
Did you mean?  cat_rental_requests_url:
  app/controllers/cat_rental_requests_controller.rb:27:in `deny'

Started POST "/__better_errors/b5fb5c202109c0a5/variables" for ::1 at 2020-12-07 19:18:39 -0700
Started GET "/cat_rental_requests/1/deny" for ::1 at 2020-12-07 19:19:13 -0700
  
ActionController::RoutingError (No route matches [GET] "/cat_rental_requests/1/deny"):
  
actionpack (5.2.4.4) lib/action_dispatch/middleware/debug_exceptions.rb:65:in `call'
web-console (3.7.0) lib/web_console/middleware.rb:135:in `call_app'
web-console (3.7.0) lib/web_console/middleware.rb:30:in `block in call'
web-console (3.7.0) lib/web_console/middleware.rb:20:in `catch'
web-console (3.7.0) lib/web_console/middleware.rb:20:in `call'
actionpack (5.2.4.4) lib/action_dispatch/middleware/show_exceptions.rb:33:in `call'
railties (5.2.4.4) lib/rails/rack/logger.rb:38:in `call_app'
railties (5.2.4.4) lib/rails/rack/logger.rb:26:in `block in call'
activesupport (5.2.4.4) lib/active_support/tagged_logging.rb:71:in `block in tagged'
activesupport (5.2.4.4) lib/active_support/tagged_logging.rb:28:in `tagged'
activesupport (5.2.4.4) lib/active_support/tagged_logging.rb:71:in `tagged'
railties (5.2.4.4) lib/rails/rack/logger.rb:26:in `call'
sprockets-rails (3.2.2) lib/sprockets/rails/quiet_assets.rb:13:in `call'
actionpack (5.2.4.4) lib/action_dispatch/middleware/remote_ip.rb:81:in `call'
actionpack (5.2.4.4) lib/action_dispatch/middleware/request_id.rb:27:in `call'
rack (2.2.3) lib/rack/method_override.rb:24:in `call'
rack (2.2.3) lib/rack/runtime.rb:22:in `call'
activesupport (5.2.4.4) lib/active_support/cache/strategy/local_cache_middleware.rb:29:in `call'
actionpack (5.2.4.4) lib/action_dispatch/middleware/executor.rb:14:in `call'
actionpack (5.2.4.4) lib/action_dispatch/middleware/static.rb:127:in `call'
rack (2.2.3) lib/rack/sendfile.rb:110:in `call'
railties (5.2.4.4) lib/rails/engine.rb:524:in `call'
puma (3.12.6) lib/puma/configuration.rb:227:in `call'
puma (3.12.6) lib/puma/server.rb:706:in `handle_request'
puma (3.12.6) lib/puma/server.rb:476:in `process_client'
puma (3.12.6) lib/puma/server.rb:334:in `block in run'
puma (3.12.6) lib/puma/thread_pool.rb:135:in `block in spawn_thread'
Started GET "/cats" for ::1 at 2020-12-07 19:19:23 -0700
Processing by CatsController#index as HTML
  Rendering cats/index.html.erb within layouts/application
  [1m[36mCat Load (0.4ms)[0m  [1m[34mSELECT "cats".* FROM "cats"[0m
  ↳ app/views/cats/index.html.erb:5
  Rendered cats/index.html.erb within layouts/application (15.7ms)
Completed 200 OK in 40ms (Views: 29.7ms | ActiveRecord: 6.7ms)


Started GET "/cats/1" for ::1 at 2020-12-07 19:19:26 -0700
Processing by CatsController#show as HTML
  Parameters: {"id"=>"1"}
  [1m[36mCat Load (0.2ms)[0m  [1m[34mSELECT  "cats".* FROM "cats" WHERE "cats"."id" = $1 LIMIT $2[0m  [["id", 1], ["LIMIT", 1]]
  ↳ app/controllers/cats_controller.rb:9
  Rendering cats/show.html.erb within layouts/application
  [1m[36mCatRentalRequest Load (0.2ms)[0m  [1m[34mSELECT "cat_rental_requests".* FROM "cat_rental_requests" WHERE "cat_rental_requests"."cat_id" = $1[0m  [["cat_id", 1]]
  ↳ app/views/cats/show.html.erb:14
  Rendered cats/show.html.erb within layouts/application (15.0ms)
Completed 200 OK in 34ms (Views: 28.1ms | ActiveRecord: 5.0ms)


Started GET "/cats" for ::1 at 2020-12-07 19:20:59 -0700
Processing by CatsController#index as HTML
  Rendering cats/index.html.erb within layouts/application
  Rendered cats/index.html.erb within layouts/application (1.0ms)
Completed 500 Internal Server Error in 8ms (ActiveRecord: 0.0ms)



SyntaxError - syntax error, unexpected tSTRING_BEG, expecting keyword_do or '{' or '('
..., new_cat_rental_request_url %);@output_buffer.safe_append='
...                             ^~
/Users/trevorpolidore/Desktop/aA-homeworks-2/ninety_nine_cats/app/views/cats/index.html.erb:16: unterminated string meets end of file
          end
             ^
/Users/trevorpolidore/Desktop/aA-homeworks-2/ninety_nine_cats/app/views/cats/index.html.erb:16: syntax error, unexpected end-of-input, expecting ')'
          end
             ^:
  app/views/cats/index.html.erb:11:in `'
  app/controllers/cats_controller.rb:5:in `index'

Started POST "/__better_errors/f4e4835e24f20352/variables" for ::1 at 2020-12-07 19:20:59 -0700
  [1m[36mCat Load (0.2ms)[0m  [1m[34mSELECT  "cats".* FROM "cats" LIMIT $1[0m  [["LIMIT", 11]]
  ↳ /Users/trevorpolidore/.rbenv/versions/2.5.1/lib/ruby/gems/2.5.0/gems/activerecord-5.2.4.4/lib/active_record/log_subscriber.rb:98
Started GET "/cats" for ::1 at 2020-12-07 19:21:07 -0700
Processing by CatsController#index as HTML
  Rendering cats/index.html.erb within layouts/application
  [1m[36mCat Load (0.4ms)[0m  [1m[34mSELECT "cats".* FROM "cats"[0m
  ↳ app/views/cats/index.html.erb:5
  Rendered cats/index.html.erb within layouts/application (1.8ms)
Completed 200 OK in 19ms (Views: 18.0ms | ActiveRecord: 0.4ms)


Started GET "/cat_rental_requests/new" for ::1 at 2020-12-07 19:21:09 -0700

SyntaxError - syntax error, unexpected ')', expecting keyword_end
...url(cat_rental_request.cat_id))
...                              ^
/Users/trevorpolidore/Desktop/aA-homeworks-2/ninety_nine_cats/app/controllers/cat_rental_requests_controller.rb:27: syntax error, unexpected ')', expecting keyword_end
...url(cat_rental_request.cat_id))
...                              ^
/Users/trevorpolidore/Desktop/aA-homeworks-2/ninety_nine_cats/app/controllers/cat_rental_requests_controller.rb:35: syntax error, unexpected end-of-input, expecting keyword_end:
  app/controllers/cat_rental_requests_controller.rb:21:in `'

Started POST "/__better_errors/d18eb305266fbcac/variables" for ::1 at 2020-12-07 19:21:09 -0700
Started GET "/cat_rental_requests/new" for ::1 at 2020-12-07 19:21:22 -0700
Processing by CatRentalRequestsController#new as HTML
  Rendering cat_rental_requests/new.html.erb within layouts/application
  [1m[36mCat Load (1.3ms)[0m  [1m[34mSELECT "cats".* FROM "cats"[0m
  ↳ app/views/cat_rental_requests/new.html.erb:8
  Rendered cat_rental_requests/new.html.erb within layouts/application (21.3ms)
Completed 200 OK in 41ms (Views: 33.9ms | ActiveRecord: 6.9ms)


Started GET "/cats" for ::1 at 2020-12-07 19:21:26 -0700
Processing by CatsController#index as HTML
  Rendering cats/index.html.erb within layouts/application
  [1m[36mCat Load (0.3ms)[0m  [1m[34mSELECT "cats".* FROM "cats"[0m
  ↳ app/views/cats/index.html.erb:5
  Rendered cats/index.html.erb within layouts/application (2.2ms)
Completed 200 OK in 26ms (Views: 24.1ms | ActiveRecord: 0.3ms)


Started GET "/cat_rental_requests/new" for ::1 at 2020-12-07 19:21:36 -0700
Processing by CatRentalRequestsController#new as HTML
  Rendering cat_rental_requests/new.html.erb within layouts/application
  [1m[36mCat Load (0.3ms)[0m  [1m[34mSELECT "cats".* FROM "cats"[0m
  ↳ app/views/cat_rental_requests/new.html.erb:8
  Rendered cat_rental_requests/new.html.erb within layouts/application (1.6ms)
Completed 200 OK in 26ms (Views: 25.4ms | ActiveRecord: 0.3ms)


Started POST "/cat_rental_requests" for ::1 at 2020-12-07 19:21:45 -0700
Processing by CatRentalRequestsController#create as HTML
  Parameters: {"cat_rental_request"=>{"cat_id"=>"2", "start_date"=>"2020-11-06", "end_date"=>"2020-11-18"}}
  [1m[35m (0.1ms)[0m  [1m[35mBEGIN[0m
  ↳ app/controllers/cat_rental_requests_controller.rb:11
  [1m[36mCat Load (0.3ms)[0m  [1m[34mSELECT  "cats".* FROM "cats" WHERE "cats"."id" = $1 LIMIT $2[0m  [["id", 2], ["LIMIT", 1]]
  ↳ app/controllers/cat_rental_requests_controller.rb:11
  [1m[36mCatRentalRequest Create (0.5ms)[0m  [1m[32mINSERT INTO "cat_rental_requests" ("cat_id", "start_date", "end_date", "status", "created_at", "updated_at") VALUES ($1, $2, $3, $4, $5, $6) RETURNING "id"[0m  [["cat_id", 2], ["start_date", "2020-11-06"], ["end_date", "2020-11-18"], ["status", "PENDING"], ["created_at", "2020-12-08 02:21:45.890190"], ["updated_at", "2020-12-08 02:21:45.890190"]]
  ↳ app/controllers/cat_rental_requests_controller.rb:11
  [1m[35m (0.4ms)[0m  [1m[35mCOMMIT[0m
  ↳ app/controllers/cat_rental_requests_controller.rb:11
  Rendering cat_rental_requests/new.html.erb within layouts/application
  [1m[36mCat Load (0.2ms)[0m  [1m[34mSELECT "cats".* FROM "cats"[0m
  ↳ app/views/cat_rental_requests/new.html.erb:8
  Rendered cat_rental_requests/new.html.erb within layouts/application (1.4ms)
Completed 200 OK in 51ms (Views: 21.8ms | ActiveRecord: 7.1ms)


Started GET "/cats" for ::1 at 2020-12-07 19:21:53 -0700
Processing by CatsController#index as HTML
  Rendering cats/index.html.erb within layouts/application
  [1m[36mCat Load (0.4ms)[0m  [1m[34mSELECT "cats".* FROM "cats"[0m
  ↳ app/views/cats/index.html.erb:5
  Rendered cats/index.html.erb within layouts/application (2.2ms)
Completed 200 OK in 19ms (Views: 18.4ms | ActiveRecord: 0.4ms)


Started GET "/cats/2" for ::1 at 2020-12-07 19:21:57 -0700
Processing by CatsController#show as HTML
  Parameters: {"id"=>"2"}
  [1m[36mCat Load (0.2ms)[0m  [1m[34mSELECT  "cats".* FROM "cats" WHERE "cats"."id" = $1 LIMIT $2[0m  [["id", 2], ["LIMIT", 1]]
  ↳ app/controllers/cats_controller.rb:9
  Rendering cats/show.html.erb within layouts/application
  [1m[36mCatRentalRequest Load (0.4ms)[0m  [1m[34mSELECT "cat_rental_requests".* FROM "cat_rental_requests" WHERE "cat_rental_requests"."cat_id" = $1[0m  [["cat_id", 2]]
  ↳ app/views/cats/show.html.erb:14
  Rendered cats/show.html.erb within layouts/application (3.1ms)
Completed 200 OK in 25ms (Views: 22.9ms | ActiveRecord: 0.6ms)


Started POST "/cat_rental_requests/3/approve" for ::1 at 2020-12-07 19:21:58 -0700
Processing by CatRentalRequestsController#approve as HTML
  Parameters: {"id"=>"3"}
  [1m[36mCatRentalRequest Load (0.5ms)[0m  [1m[34mSELECT  "cat_rental_requests".* FROM "cat_rental_requests" WHERE "cat_rental_requests"."id" = $1 LIMIT $2[0m  [["id", 3], ["LIMIT", 1]]
  ↳ app/controllers/cat_rental_requests_controller.rb:19
  [1m[35m (0.1ms)[0m  [1m[35mBEGIN[0m
  ↳ app/models/cat_rental_request.rb:25
  [1m[36mCat Load (0.3ms)[0m  [1m[34mSELECT  "cats".* FROM "cats" WHERE "cats"."id" = $1 LIMIT $2[0m  [["id", 2], ["LIMIT", 1]]
  ↳ app/models/cat_rental_request.rb:27
  [1m[36mCatRentalRequest Update (6.1ms)[0m  [1m[33mUPDATE "cat_rental_requests" SET "status" = $1, "updated_at" = $2 WHERE "cat_rental_requests"."id" = $3[0m  [["status", "APPROVED"], ["updated_at", "2020-12-08 02:21:58.961551"], ["id", 3]]
  ↳ app/models/cat_rental_request.rb:27
  [1m[36mCatRentalRequest Load (0.4ms)[0m  [1m[34mSELECT "cat_rental_requests".* FROM "cat_rental_requests" WHERE "cat_rental_requests"."id" != $1 AND "cat_rental_requests"."cat_id" = $2 AND NOT (start_date > '2020-11-18' OR end_date > '2020-11-06') AND (status = 'PENDING')[0m  [["id", 3], ["cat_id", 2]]
  ↳ app/models/cat_rental_request.rb:28
  [1m[35m (5.5ms)[0m  [1m[35mCOMMIT[0m
  ↳ app/models/cat_rental_request.rb:25
Redirected to http://localhost:3000/cats/2
Completed 302 Found in 19ms (ActiveRecord: 12.9ms)


Started GET "/cats/2" for ::1 at 2020-12-07 19:21:58 -0700
Processing by CatsController#show as HTML
  Parameters: {"id"=>"2"}
  [1m[36mCat Load (0.2ms)[0m  [1m[34mSELECT  "cats".* FROM "cats" WHERE "cats"."id" = $1 LIMIT $2[0m  [["id", 2], ["LIMIT", 1]]
  ↳ app/controllers/cats_controller.rb:9
  Rendering cats/show.html.erb within layouts/application
  [1m[36mCatRentalRequest Load (0.4ms)[0m  [1m[34mSELECT "cat_rental_requests".* FROM "cat_rental_requests" WHERE "cat_rental_requests"."cat_id" = $1[0m  [["cat_id", 2]]
  ↳ app/views/cats/show.html.erb:14
  Rendered cats/show.html.erb within layouts/application (2.8ms)
Completed 200 OK in 20ms (Views: 18.8ms | ActiveRecord: 0.7ms)


Started GET "/cats" for ::1 at 2020-12-07 19:22:52 -0700
Processing by CatsController#index as HTML
  Rendering cats/index.html.erb within layouts/application
  [1m[36mCat Load (0.4ms)[0m  [1m[34mSELECT "cats".* FROM "cats"[0m
  ↳ app/views/cats/index.html.erb:5
  Rendered cats/index.html.erb within layouts/application (14.7ms)
Completed 200 OK in 34ms (Views: 24.7ms | ActiveRecord: 5.7ms)


Started GET "/cat_rental_requests/new" for ::1 at 2020-12-07 19:22:53 -0700
Processing by CatRentalRequestsController#new as HTML
  Rendering cat_rental_requests/new.html.erb within layouts/application
  [1m[36mCat Load (0.4ms)[0m  [1m[34mSELECT "cats".* FROM "cats"[0m
  ↳ app/views/cat_rental_requests/new.html.erb:8
  Rendered cat_rental_requests/new.html.erb within layouts/application (1.6ms)
Completed 200 OK in 21ms (Views: 19.9ms | ActiveRecord: 0.4ms)


Started POST "/cat_rental_requests" for ::1 at 2020-12-07 19:23:02 -0700
Processing by CatRentalRequestsController#create as HTML
  Parameters: {"cat_rental_request"=>{"cat_id"=>"4", "start_date"=>"2020-12-22", "end_date"=>"2020-12-30"}}
  [1m[35m (0.2ms)[0m  [1m[35mBEGIN[0m
  ↳ app/controllers/cat_rental_requests_controller.rb:11
  [1m[36mCat Load (0.2ms)[0m  [1m[34mSELECT  "cats".* FROM "cats" WHERE "cats"."id" = $1 LIMIT $2[0m  [["id", 4], ["LIMIT", 1]]
  ↳ app/controllers/cat_rental_requests_controller.rb:11
  [1m[36mCatRentalRequest Create (0.3ms)[0m  [1m[32mINSERT INTO "cat_rental_requests" ("cat_id", "start_date", "end_date", "status", "created_at", "updated_at") VALUES ($1, $2, $3, $4, $5, $6) RETURNING "id"[0m  [["cat_id", 4], ["start_date", "2020-12-22"], ["end_date", "2020-12-30"], ["status", "PENDING"], ["created_at", "2020-12-08 02:23:02.364936"], ["updated_at", "2020-12-08 02:23:02.364936"]]
  ↳ app/controllers/cat_rental_requests_controller.rb:11
  [1m[35m (1.9ms)[0m  [1m[35mCOMMIT[0m
  ↳ app/controllers/cat_rental_requests_controller.rb:11
Redirected to http://localhost:3000/cats/4
Completed 302 Found in 21ms (ActiveRecord: 7.3ms)


Started GET "/cats/4" for ::1 at 2020-12-07 19:23:02 -0700
Processing by CatsController#show as HTML
  Parameters: {"id"=>"4"}
  [1m[36mCat Load (0.1ms)[0m  [1m[34mSELECT  "cats".* FROM "cats" WHERE "cats"."id" = $1 LIMIT $2[0m  [["id", 4], ["LIMIT", 1]]
  ↳ app/controllers/cats_controller.rb:9
  Rendering cats/show.html.erb within layouts/application
  [1m[36mCatRentalRequest Load (0.2ms)[0m  [1m[34mSELECT "cat_rental_requests".* FROM "cat_rental_requests" WHERE "cat_rental_requests"."cat_id" = $1[0m  [["cat_id", 4]]
  ↳ app/views/cats/show.html.erb:14
  Rendered cats/show.html.erb within layouts/application (2.3ms)
Completed 200 OK in 20ms (Views: 18.8ms | ActiveRecord: 0.4ms)


  [1m[35m (0.3ms)[0m  [1m[34mSELECT pg_try_advisory_lock(723150122408807205)[0m
  ↳ bin/rails:9
  [1m[35m (1.7ms)[0m  [1m[34mSELECT "schema_migrations"."version" FROM "schema_migrations" ORDER BY "schema_migrations"."version" ASC[0m
  ↳ bin/rails:9
Migrating to CreateUsers (20201212030922)
  [1m[35m (0.2ms)[0m  [1m[35mBEGIN[0m
  ↳ bin/rails:9
  [1m[35m (7.0ms)[0m  [1m[35mCREATE TABLE "users" ("id" bigserial primary key, "user_name" character varying NOT NULL, "password_digest" character varying NOT NULL, "session_token" character varying NOT NULL, "created_at" timestamp NOT NULL, "updated_at" timestamp NOT NULL)[0m
  ↳ db/migrate/20201212030922_create_users.rb:3
  [1m[35m (1.0ms)[0m  [1m[35mCREATE UNIQUE INDEX  "index_users_on_user_name" ON "users"  ("user_name")[0m
  ↳ db/migrate/20201212030922_create_users.rb:11
  [1m[35m (1.1ms)[0m  [1m[35mCREATE UNIQUE INDEX  "index_users_on_session_token" ON "users"  ("session_token")[0m
  ↳ db/migrate/20201212030922_create_users.rb:12
  [1m[36mActiveRecord::SchemaMigration Create (0.4ms)[0m  [1m[32mINSERT INTO "schema_migrations" ("version") VALUES ($1) RETURNING "version"[0m  [["version", "20201212030922"]]
  ↳ bin/rails:9
  [1m[35m (0.4ms)[0m  [1m[35mCOMMIT[0m
  ↳ bin/rails:9
  [1m[36mActiveRecord::InternalMetadata Load (0.6ms)[0m  [1m[34mSELECT  "ar_internal_metadata".* FROM "ar_internal_metadata" WHERE "ar_internal_metadata"."key" = $1 LIMIT $2[0m  [["key", "environment"], ["LIMIT", 1]]
  ↳ bin/rails:9
  [1m[35m (0.1ms)[0m  [1m[35mBEGIN[0m
  ↳ bin/rails:9
  [1m[35m (0.1ms)[0m  [1m[35mCOMMIT[0m
  ↳ bin/rails:9
  [1m[35m (0.3ms)[0m  [1m[34mSELECT pg_advisory_unlock(723150122408807205)[0m
  ↳ bin/rails:9
  [1m[35m (0.3ms)[0m  [1m[34mSELECT "schema_migrations"."version" FROM "schema_migrations" ORDER BY "schema_migrations"."version" ASC[0m
  ↳ bin/rails:9
