  [1m[35m (193.0ms)[0m  [1m[35mCREATE DATABASE "music_app_development" ENCODING = 'unicode'[0m
  ↳ bin/rails:9
  [1m[35m (63.2ms)[0m  [1m[35mCREATE DATABASE "music_app_test" ENCODING = 'unicode'[0m
  ↳ bin/rails:9
  [1m[35m (11.4ms)[0m  [1m[35mCREATE TABLE "schema_migrations" ("version" character varying NOT NULL PRIMARY KEY)[0m
  ↳ bin/rails:9
  [1m[35m (27.0ms)[0m  [1m[35mCREATE TABLE "ar_internal_metadata" ("key" character varying NOT NULL PRIMARY KEY, "value" character varying, "created_at" timestamp NOT NULL, "updated_at" timestamp NOT NULL)[0m
  ↳ bin/rails:9
  [1m[35m (0.4ms)[0m  [1m[34mSELECT pg_try_advisory_lock(4505726345591715405)[0m
  ↳ bin/rails:9
  [1m[35m (0.5ms)[0m  [1m[34mSELECT "schema_migrations"."version" FROM "schema_migrations" ORDER BY "schema_migrations"."version" ASC[0m
  ↳ bin/rails:9
Migrating to CreateUsers (20201218000928)
  [1m[35m (0.2ms)[0m  [1m[35mBEGIN[0m
  ↳ bin/rails:9
  [1m[35m (17.3ms)[0m  [1m[35mCREATE TABLE "users" ("id" bigserial primary key, "email" character varying NOT NULL, "password_digest" character varying NOT NULL, "session_token" character varying NOT NULL, "created_at" timestamp NOT NULL, "updated_at" timestamp NOT NULL)[0m
  ↳ db/migrate/20201218000928_create_users.rb:3
  [1m[35m (2.1ms)[0m  [1m[35mCREATE UNIQUE INDEX  "index_users_on_email" ON "users"  ("email")[0m
  ↳ db/migrate/20201218000928_create_users.rb:11
  [1m[35m (1.6ms)[0m  [1m[31mROLLBACK[0m
  ↳ bin/rails:9
  [1m[35m (0.2ms)[0m  [1m[34mSELECT pg_advisory_unlock(4505726345591715405)[0m
  ↳ bin/rails:9
  [1m[35m (0.2ms)[0m  [1m[34mSELECT pg_try_advisory_lock(4505726345591715405)[0m
  ↳ bin/rails:9
  [1m[35m (0.7ms)[0m  [1m[34mSELECT "schema_migrations"."version" FROM "schema_migrations" ORDER BY "schema_migrations"."version" ASC[0m
  ↳ bin/rails:9
Migrating to CreateUsers (20201218000928)
  [1m[35m (0.1ms)[0m  [1m[35mBEGIN[0m
  ↳ bin/rails:9
  [1m[35m (6.9ms)[0m  [1m[35mCREATE TABLE "users" ("id" bigserial primary key, "email" character varying NOT NULL, "password_digest" character varying NOT NULL, "session_token" character varying NOT NULL, "created_at" timestamp NOT NULL, "updated_at" timestamp NOT NULL)[0m
  ↳ db/migrate/20201218000928_create_users.rb:3
  [1m[35m (1.8ms)[0m  [1m[35mCREATE UNIQUE INDEX  "index_users_on_email" ON "users"  ("email")[0m
  ↳ db/migrate/20201218000928_create_users.rb:11
  [1m[35m (1.0ms)[0m  [1m[35mCREATE UNIQUE INDEX  "index_users_on_session_token" ON "users"  ("session_token")[0m
  ↳ db/migrate/20201218000928_create_users.rb:12
  [1m[36mActiveRecord::SchemaMigration Create (0.4ms)[0m  [1m[32mINSERT INTO "schema_migrations" ("version") VALUES ($1) RETURNING "version"[0m  [["version", "20201218000928"]]
  ↳ bin/rails:9
  [1m[35m (0.4ms)[0m  [1m[35mCOMMIT[0m
  ↳ bin/rails:9
  [1m[36mActiveRecord::InternalMetadata Load (0.4ms)[0m  [1m[34mSELECT  "ar_internal_metadata".* FROM "ar_internal_metadata" WHERE "ar_internal_metadata"."key" = $1 LIMIT $2[0m  [["key", "environment"], ["LIMIT", 1]]
  ↳ bin/rails:9
  [1m[35m (0.1ms)[0m  [1m[35mBEGIN[0m
  ↳ bin/rails:9
  [1m[36mActiveRecord::InternalMetadata Create (0.8ms)[0m  [1m[32mINSERT INTO "ar_internal_metadata" ("key", "value", "created_at", "updated_at") VALUES ($1, $2, $3, $4) RETURNING "key"[0m  [["key", "environment"], ["value", "development"], ["created_at", "2020-12-18 00:12:25.791814"], ["updated_at", "2020-12-18 00:12:25.791814"]]
  ↳ bin/rails:9
  [1m[35m (0.6ms)[0m  [1m[35mCOMMIT[0m
  ↳ bin/rails:9
  [1m[35m (0.3ms)[0m  [1m[34mSELECT pg_advisory_unlock(4505726345591715405)[0m
  ↳ bin/rails:9
  [1m[35m (0.3ms)[0m  [1m[34mSELECT "schema_migrations"."version" FROM "schema_migrations" ORDER BY "schema_migrations"."version" ASC[0m
  ↳ bin/rails:9
Started GET "/" for ::1 at 2020-12-17 20:07:24 -0700
  [1m[35m (1.0ms)[0m  [1m[34mSELECT "schema_migrations"."version" FROM "schema_migrations" ORDER BY "schema_migrations"."version" ASC[0m
  ↳ /Users/trevorpolidore/.rbenv/versions/2.5.1/lib/ruby/gems/2.5.0/gems/activerecord-5.2.4.4/lib/active_record/log_subscriber.rb:98
Processing by Rails::WelcomeController#index as HTML
  Rendering /Users/trevorpolidore/.rbenv/versions/2.5.1/lib/ruby/gems/2.5.0/gems/railties-5.2.4.4/lib/rails/templates/rails/welcome/index.html.erb
  Rendered /Users/trevorpolidore/.rbenv/versions/2.5.1/lib/ruby/gems/2.5.0/gems/railties-5.2.4.4/lib/rails/templates/rails/welcome/index.html.erb (3.6ms)
Completed 200 OK in 17ms (Views: 8.7ms | ActiveRecord: 0.0ms)


Started GET "/users" for ::1 at 2020-12-17 20:07:33 -0700
  
ActionController::RoutingError (No route matches [GET] "/users"):
  
actionpack (5.2.4.4) lib/action_dispatch/middleware/debug_exceptions.rb:65:in `call'
web-console (3.7.0) lib/web_console/middleware.rb:135:in `call_app'
web-console (3.7.0) lib/web_console/middleware.rb:30:in `block in call'
web-console (3.7.0) lib/web_console/middleware.rb:20:in `catch'
web-console (3.7.0) lib/web_console/middleware.rb:20:in `call'
actionpack (5.2.4.4) lib/action_dispatch/middleware/show_exceptions.rb:33:in `call'
railties (5.2.4.4) lib/rails/rack/logger.rb:38:in `call_app'
railties (5.2.4.4) lib/rails/rack/logger.rb:26:in `block in call'
activesupport (5.2.4.4) lib/active_support/tagged_logging.rb:71:in `block in tagged'
activesupport (5.2.4.4) lib/active_support/tagged_logging.rb:28:in `tagged'
activesupport (5.2.4.4) lib/active_support/tagged_logging.rb:71:in `tagged'
railties (5.2.4.4) lib/rails/rack/logger.rb:26:in `call'
sprockets-rails (3.2.2) lib/sprockets/rails/quiet_assets.rb:13:in `call'
actionpack (5.2.4.4) lib/action_dispatch/middleware/remote_ip.rb:81:in `call'
actionpack (5.2.4.4) lib/action_dispatch/middleware/request_id.rb:27:in `call'
rack (2.2.3) lib/rack/method_override.rb:24:in `call'
rack (2.2.3) lib/rack/runtime.rb:22:in `call'
activesupport (5.2.4.4) lib/active_support/cache/strategy/local_cache_middleware.rb:29:in `call'
actionpack (5.2.4.4) lib/action_dispatch/middleware/executor.rb:14:in `call'
actionpack (5.2.4.4) lib/action_dispatch/middleware/static.rb:127:in `call'
rack (2.2.3) lib/rack/sendfile.rb:110:in `call'
railties (5.2.4.4) lib/rails/engine.rb:524:in `call'
puma (3.12.6) lib/puma/configuration.rb:227:in `call'
puma (3.12.6) lib/puma/server.rb:706:in `handle_request'
puma (3.12.6) lib/puma/server.rb:476:in `process_client'
puma (3.12.6) lib/puma/server.rb:334:in `block in run'
puma (3.12.6) lib/puma/thread_pool.rb:135:in `block in spawn_thread'
Started GET "/users/new" for ::1 at 2020-12-17 20:17:47 -0700
Processing by UsersController#new as HTML
Completed 500 Internal Server Error in 21ms (ActiveRecord: 8.8ms)



ActionView::MissingTemplate - Missing template users/new, application/new with {:locale=>[:en], :formats=>[:html], :variants=>[], :handlers=>[:raw, :erb, :html, :builder, :ruby, :coffee, :jbuilder]}. Searched in:
  * "/Users/trevorpolidore/Desktop/aA-homeworks-2/music_app/app/views":
  app/controllers/users_controller.rb:5:in `new'

Started POST "/__better_errors/54070213c6d0d60b/variables" for ::1 at 2020-12-17 20:17:48 -0700
Started GET "/users/new" for ::1 at 2020-12-17 20:18:10 -0700
Processing by UsersController#new as HTML
Completed 500 Internal Server Error in 4ms (ActiveRecord: 0.0ms)



ActionView::MissingTemplate - Missing template users/new, application/new with {:locale=>[:en], :formats=>[:html], :variants=>[], :handlers=>[:raw, :erb, :html, :builder, :ruby, :coffee, :jbuilder]}. Searched in:
  * "/Users/trevorpolidore/Desktop/aA-homeworks-2/music_app/app/views":
  app/controllers/users_controller.rb:5:in `new'

Started POST "/__better_errors/0adbe336dd94000b/variables" for ::1 at 2020-12-17 20:18:10 -0700
Started GET "/users/new" for ::1 at 2020-12-17 20:19:36 -0700
Processing by UsersController#new as HTML
  Rendering users/new.html.erb within layouts/application
  Rendered users/new.html.erb within layouts/application (0.4ms)
Completed 500 Internal Server Error in 10ms (ActiveRecord: 0.0ms)



SyntaxError - syntax error, unexpected keyword_ensure, expecting keyword_end
          ensure
          ^~~~~~
/Users/trevorpolidore/Desktop/aA-homeworks-2/music_app/app/views/layouts/application.html.erb:25: syntax error, unexpected end-of-input, expecting keyword_end
          end
             ^:
  app/views/layouts/application.html.erb:23:in `'
  app/controllers/users_controller.rb:5:in `new'

Started POST "/__better_errors/a048c5f89fc6ce6e/variables" for ::1 at 2020-12-17 20:19:36 -0700
Started GET "/users/new" for ::1 at 2020-12-17 20:20:21 -0700
Processing by UsersController#new as HTML
  Rendering users/new.html.erb within layouts/application
  Rendered users/new.html.erb within layouts/application (0.3ms)
Completed 500 Internal Server Error in 648ms (ActiveRecord: 0.0ms)



NameError - undefined local variable or method `current_user' for #<#<Class:0x00007f8e65e67170>:0x00007f8e690bb770>
Did you mean?  current_page?:
  app/views/layouts/application.html.erb:14:in `_app_views_layouts_application_html_erb__949547009130894268_70124800933320'
  app/controllers/users_controller.rb:5:in `new'

Started POST "/__better_errors/fa9805a4f86a0a50/variables" for ::1 at 2020-12-17 20:20:22 -0700
Started GET "/users/new" for ::1 at 2020-12-17 20:23:18 -0700
Processing by UsersController#new as HTML
  Rendering users/new.html.erb within layouts/application
  Rendered users/new.html.erb within layouts/application (0.4ms)
Completed 500 Internal Server Error in 21ms (ActiveRecord: 5.5ms)



SyntaxError - syntax error, unexpected ')', expecting '('
....append=( current_user.email. );@output_buffer.safe_append='
...                              ^
/Users/trevorpolidore/Desktop/aA-homeworks-2/music_app/app/views/layouts/application.html.erb:17: syntax error, unexpected keyword_else, expecting ')'
     else 
     ^~~~
/Users/trevorpolidore/Desktop/aA-homeworks-2/music_app/app/views/layouts/application.html.erb:20: syntax error, unexpected keyword_end, expecting ')'
'.freeze;     end 
              ^~~
/Users/trevorpolidore/Desktop/aA-homeworks-2/music_app/app/views/layouts/application.html.erb:27: syntax error, unexpected keyword_ensure, expecting ')'
          ensure
          ^~~~~~
/Users/trevorpolidore/Desktop/aA-homeworks-2/music_app/app/views/layouts/application.html.erb:29: syntax error, unexpected keyword_end, expecting ')'
          end
          ^~~:
  app/views/layouts/application.html.erb:15:in `'
  app/controllers/users_controller.rb:5:in `new'

Started POST "/__better_errors/6ba2b667048ab238/variables" for ::1 at 2020-12-17 20:23:18 -0700
Started GET "/users/new" for ::1 at 2020-12-17 20:23:25 -0700
Processing by UsersController#new as HTML
  Rendering users/new.html.erb within layouts/application
  Rendered users/new.html.erb within layouts/application (0.3ms)
Completed 200 OK in 16ms (Views: 15.7ms | ActiveRecord: 0.0ms)


Started GET "/users/new" for ::1 at 2020-12-17 20:23:39 -0700
Processing by UsersController#new as HTML
  Rendering users/new.html.erb within layouts/application
  Rendered users/new.html.erb within layouts/application (0.3ms)
Completed 200 OK in 17ms (Views: 16.3ms | ActiveRecord: 0.0ms)


Started GET "/users/new" for ::1 at 2020-12-17 20:37:55 -0700
Processing by UsersController#new as HTML
  Rendering users/new.html.erb within layouts/application
  Rendered users/new.html.erb within layouts/application (0.5ms)
Completed 200 OK in 37ms (Views: 19.6ms | ActiveRecord: 9.8ms)


Started GET "/users/new" for ::1 at 2020-12-17 20:38:32 -0700
Processing by UsersController#new as HTML
  Rendering users/new.html.erb within layouts/application
  Rendered users/new.html.erb within layouts/application (0.7ms)
Completed 200 OK in 21ms (Views: 20.0ms | ActiveRecord: 0.0ms)


Started GET "/users/new" for ::1 at 2020-12-17 20:39:05 -0700
Processing by UsersController#new as HTML
  Rendering users/new.html.erb within layouts/application
  Rendered users/new.html.erb within layouts/application (0.8ms)
Completed 200 OK in 20ms (Views: 19.1ms | ActiveRecord: 0.0ms)


Started GET "/session/new" for ::1 at 2020-12-17 20:39:06 -0700
Processing by SessionsController#new as HTML
  Rendering sessions/new.html.erb within layouts/application
  Rendered sessions/new.html.erb within layouts/application (0.5ms)
Completed 200 OK in 19ms (Views: 18.3ms | ActiveRecord: 0.0ms)


Started GET "/session/new" for ::1 at 2020-12-17 20:39:12 -0700
Processing by SessionsController#new as HTML
  Rendering sessions/new.html.erb within layouts/application
  Rendered sessions/new.html.erb within layouts/application (0.5ms)
Completed 200 OK in 17ms (Views: 17.0ms | ActiveRecord: 0.0ms)


Started GET "/users/new" for ::1 at 2020-12-17 20:39:13 -0700
Processing by UsersController#new as HTML
  Rendering users/new.html.erb within layouts/application
  Rendered users/new.html.erb within layouts/application (0.8ms)
Completed 200 OK in 19ms (Views: 18.3ms | ActiveRecord: 0.0ms)


Started POST "/users" for ::1 at 2020-12-17 20:39:20 -0700
Processing by UsersController#create as HTML
  Parameters: {"authenticity_token"=>"p/F6YFiuRQWQ8fWn8drCmHt0qs0ebdeQGXUFaKcaJsJ1+QLLgeReeWNsS6AuRDhnT4vKAaGZvPGXZSyI0PV2lA==", "user"=>{"email"=>"doggy@gmail.com", "password"=>"[FILTERED]"}}
Completed 500 Internal Server Error in 4ms (ActiveRecord: 0.0ms)



NameError - uninitialized constant User::BCrypt:
  app/models/user.rb:29:in `password='
  app/controllers/users_controller.rb:9:in `create'

Started POST "/__better_errors/55f0a2dcda2abd90/variables" for ::1 at 2020-12-17 20:39:20 -0700
Started GET "/users" for ::1 at 2020-12-17 20:40:08 -0700
  
ActionController::RoutingError (No route matches [GET] "/users"):
  
actionpack (5.2.4.4) lib/action_dispatch/middleware/debug_exceptions.rb:65:in `call'
web-console (3.7.0) lib/web_console/middleware.rb:135:in `call_app'
web-console (3.7.0) lib/web_console/middleware.rb:30:in `block in call'
web-console (3.7.0) lib/web_console/middleware.rb:20:in `catch'
web-console (3.7.0) lib/web_console/middleware.rb:20:in `call'
actionpack (5.2.4.4) lib/action_dispatch/middleware/show_exceptions.rb:33:in `call'
railties (5.2.4.4) lib/rails/rack/logger.rb:38:in `call_app'
railties (5.2.4.4) lib/rails/rack/logger.rb:26:in `block in call'
activesupport (5.2.4.4) lib/active_support/tagged_logging.rb:71:in `block in tagged'
activesupport (5.2.4.4) lib/active_support/tagged_logging.rb:28:in `tagged'
activesupport (5.2.4.4) lib/active_support/tagged_logging.rb:71:in `tagged'
railties (5.2.4.4) lib/rails/rack/logger.rb:26:in `call'
sprockets-rails (3.2.2) lib/sprockets/rails/quiet_assets.rb:13:in `call'
actionpack (5.2.4.4) lib/action_dispatch/middleware/remote_ip.rb:81:in `call'
actionpack (5.2.4.4) lib/action_dispatch/middleware/request_id.rb:27:in `call'
rack (2.2.3) lib/rack/method_override.rb:24:in `call'
rack (2.2.3) lib/rack/runtime.rb:22:in `call'
activesupport (5.2.4.4) lib/active_support/cache/strategy/local_cache_middleware.rb:29:in `call'
actionpack (5.2.4.4) lib/action_dispatch/middleware/executor.rb:14:in `call'
actionpack (5.2.4.4) lib/action_dispatch/middleware/static.rb:127:in `call'
rack (2.2.3) lib/rack/sendfile.rb:110:in `call'
railties (5.2.4.4) lib/rails/engine.rb:524:in `call'
puma (3.12.6) lib/puma/configuration.rb:227:in `call'
puma (3.12.6) lib/puma/server.rb:706:in `handle_request'
puma (3.12.6) lib/puma/server.rb:476:in `process_client'
puma (3.12.6) lib/puma/server.rb:334:in `block in run'
puma (3.12.6) lib/puma/thread_pool.rb:135:in `block in spawn_thread'
Started GET "/users/new" for ::1 at 2020-12-17 20:40:12 -0700
Processing by UsersController#new as HTML
  Rendering users/new.html.erb within layouts/application
  Rendered users/new.html.erb within layouts/application (0.5ms)
Completed 200 OK in 22ms (Views: 21.0ms | ActiveRecord: 0.0ms)


Started POST "/users" for ::1 at 2020-12-17 20:40:18 -0700
Processing by UsersController#create as HTML
  Parameters: {"authenticity_token"=>"dTDSnAW15acG44Jnn5xUYSvsGoprUJy8LhT23/BAvYunOKo33P/+2/V+PGBAAq6eHxN6RtSk992gBN8/h6/t3Q==", "user"=>{"email"=>"doggy@gmail.com", "password"=>"[FILTERED]"}}
Completed 500 Internal Server Error in 5ms (ActiveRecord: 0.0ms)



NameError - uninitialized constant User::BCrypt:
  app/models/user.rb:29:in `password='
  app/controllers/users_controller.rb:9:in `create'

Started POST "/__better_errors/0004054fb2ea8d3f/variables" for ::1 at 2020-12-17 20:40:18 -0700
Started GET "/users/new" for ::1 at 2020-12-17 20:41:33 -0700
  [1m[35m (1.0ms)[0m  [1m[34mSELECT "schema_migrations"."version" FROM "schema_migrations" ORDER BY "schema_migrations"."version" ASC[0m
  ↳ /Users/trevorpolidore/.rbenv/versions/2.5.1/lib/ruby/gems/2.5.0/gems/activerecord-5.2.4.4/lib/active_record/log_subscriber.rb:98
Processing by UsersController#new as HTML
  Rendering users/new.html.erb within layouts/application
  Rendered users/new.html.erb within layouts/application (1.2ms)
Completed 200 OK in 158ms (Views: 140.6ms | ActiveRecord: 6.6ms)


Started POST "/users" for ::1 at 2020-12-17 20:41:37 -0700
Processing by UsersController#create as HTML
  Parameters: {"authenticity_token"=>"Ok1aIJ7p/rhMiqjLpqsRoK5IsKbVAXgqmpf47/Qc4o/oRSKLR6PlxL8XFsx5NetfmrfQamr1E0sUh9EPg/Oy2Q==", "user"=>{"email"=>"doggy@gmail.com", "password"=>"[FILTERED]"}}
  [1m[35m (0.2ms)[0m  [1m[35mBEGIN[0m
  ↳ app/controllers/users_controller.rb:11
  [1m[36mUser Exists (3.1ms)[0m  [1m[34mSELECT  1 AS one FROM "users" WHERE "users"."email" = $1 LIMIT $2[0m  [["email", "doggy@gmail.com"], ["LIMIT", 1]]
  ↳ app/controllers/users_controller.rb:11
  [1m[36mUser Exists (0.4ms)[0m  [1m[34mSELECT  1 AS one FROM "users" WHERE "users"."session_token" = $1 LIMIT $2[0m  [["session_token", "vpGgDsxgz-li16FMA0pHJQ"], ["LIMIT", 1]]
  ↳ app/controllers/users_controller.rb:11
  [1m[36mUser Create (0.8ms)[0m  [1m[32mINSERT INTO "users" ("email", "password_digest", "session_token", "created_at", "updated_at") VALUES ($1, $2, $3, $4, $5) RETURNING "id"[0m  [["email", "doggy@gmail.com"], ["password_digest", "$2a$12$egibd8.uft6v7wRAcZeCkuCsOaWMFdk3LZT34l8xxGz2DWmicEniC"], ["session_token", "vpGgDsxgz-li16FMA0pHJQ"], ["created_at", "2020-12-18 03:41:37.941284"], ["updated_at", "2020-12-18 03:41:37.941284"]]
  ↳ app/controllers/users_controller.rb:11
  [1m[35m (1.0ms)[0m  [1m[35mCOMMIT[0m
  ↳ app/controllers/users_controller.rb:11
  [1m[35m (0.1ms)[0m  [1m[35mBEGIN[0m
  ↳ app/models/user.rb:23
  [1m[36mUser Exists (0.7ms)[0m  [1m[34mSELECT  1 AS one FROM "users" WHERE "users"."email" = $1 AND "users"."id" != $2 LIMIT $3[0m  [["email", "doggy@gmail.com"], ["id", 1], ["LIMIT", 1]]
  ↳ app/models/user.rb:23
  [1m[36mUser Exists (0.3ms)[0m  [1m[34mSELECT  1 AS one FROM "users" WHERE "users"."session_token" = $1 AND "users"."id" != $2 LIMIT $3[0m  [["session_token", "8c-bHDcWBegZnSPnjc1u6g"], ["id", 1], ["LIMIT", 1]]
  ↳ app/models/user.rb:23
  [1m[36mUser Update (0.4ms)[0m  [1m[33mUPDATE "users" SET "session_token" = $1, "updated_at" = $2 WHERE "users"."id" = $3[0m  [["session_token", "8c-bHDcWBegZnSPnjc1u6g"], ["updated_at", "2020-12-18 03:41:37.950856"], ["id", 1]]
  ↳ app/models/user.rb:23
  [1m[35m (0.2ms)[0m  [1m[35mCOMMIT[0m
  ↳ app/models/user.rb:23
Redirected to http://localhost:3000/users/1
Completed 302 Found in 263ms (ActiveRecord: 7.3ms)


Started GET "/users/1" for ::1 at 2020-12-17 20:41:37 -0700
Processing by UsersController#show as HTML
  Parameters: {"id"=>"1"}
  Rendering users/show.html.erb within layouts/application
  [1m[36mUser Load (0.3ms)[0m  [1m[34mSELECT  "users".* FROM "users" WHERE "users"."session_token" = $1 LIMIT $2[0m  [["session_token", "8c-bHDcWBegZnSPnjc1u6g"], ["LIMIT", 1]]
  ↳ app/controllers/application_controller.rb:7
  Rendered users/show.html.erb within layouts/application (2.5ms)
Completed 200 OK in 21ms (Views: 20.0ms | ActiveRecord: 0.5ms)


Started GET "/users/1" for ::1 at 2020-12-17 20:42:30 -0700
Processing by UsersController#show as HTML
  Parameters: {"id"=>"1"}
  Rendering users/show.html.erb within layouts/application
  [1m[36mUser Load (0.5ms)[0m  [1m[34mSELECT  "users".* FROM "users" WHERE "users"."session_token" = $1 LIMIT $2[0m  [["session_token", "8c-bHDcWBegZnSPnjc1u6g"], ["LIMIT", 1]]
  ↳ app/controllers/application_controller.rb:7
  Rendered users/show.html.erb within layouts/application (1.5ms)
Completed 200 OK in 20ms (Views: 19.1ms | ActiveRecord: 0.5ms)


Started GET "/users/1" for ::1 at 2020-12-17 20:43:44 -0700
Processing by UsersController#show as HTML
  Parameters: {"id"=>"1"}
  Rendering users/show.html.erb within layouts/application
  [1m[36mUser Load (0.3ms)[0m  [1m[34mSELECT  "users".* FROM "users" WHERE "users"."session_token" = $1 LIMIT $2[0m  [["session_token", "8c-bHDcWBegZnSPnjc1u6g"], ["LIMIT", 1]]
  ↳ app/controllers/application_controller.rb:7
  Rendered users/show.html.erb within layouts/application (1.2ms)
Completed 200 OK in 21ms (Views: 20.7ms | ActiveRecord: 0.3ms)


Started DELETE "/session" for ::1 at 2020-12-17 20:43:51 -0700
Processing by SessionsController#destroy as HTML
  Parameters: {"authenticity_token"=>"5kE0fiP4LJu1Fr2OrNKQQkqJmvjpkIlH+qX/e52vOSE0SUzV+rI350aLA4lzTGq9fnb6NFZk4iZ0tdab6kBpdw=="}
Completed 500 Internal Server Error in 134ms (ActiveRecord: 0.0ms)



NameError - undefined local variable or method `log_out_user' for #<SessionsController:0x00007f8d9a84d918>
Did you mean?  log_out_user!:
  app/controllers/sessions_controller.rb:22:in `destroy'

Started POST "/__better_errors/4040245e81d7168d/variables" for ::1 at 2020-12-17 20:43:52 -0700
Started DELETE "/session" for ::1 at 2020-12-17 20:44:11 -0700
Processing by SessionsController#destroy as HTML
  Parameters: {"authenticity_token"=>"5kE0fiP4LJu1Fr2OrNKQQkqJmvjpkIlH+qX/e52vOSE0SUzV+rI350aLA4lzTGq9fnb6NFZk4iZ0tdab6kBpdw=="}
  [1m[36mUser Load (0.3ms)[0m  [1m[34mSELECT  "users".* FROM "users" WHERE "users"."session_token" = $1 LIMIT $2[0m  [["session_token", "8c-bHDcWBegZnSPnjc1u6g"], ["LIMIT", 1]]
  ↳ app/controllers/application_controller.rb:7
  [1m[35m (0.1ms)[0m  [1m[35mBEGIN[0m
  ↳ app/models/user.rb:23
  [1m[36mUser Exists (0.4ms)[0m  [1m[34mSELECT  1 AS one FROM "users" WHERE "users"."email" = $1 AND "users"."id" != $2 LIMIT $3[0m  [["email", "doggy@gmail.com"], ["id", 1], ["LIMIT", 1]]
  ↳ app/models/user.rb:23
  [1m[36mUser Exists (0.5ms)[0m  [1m[34mSELECT  1 AS one FROM "users" WHERE "users"."session_token" = $1 AND "users"."id" != $2 LIMIT $3[0m  [["session_token", "XewwT4yIORrmKP7zYilGjA"], ["id", 1], ["LIMIT", 1]]
  ↳ app/models/user.rb:23
  [1m[36mUser Update (0.4ms)[0m  [1m[33mUPDATE "users" SET "session_token" = $1, "updated_at" = $2 WHERE "users"."id" = $3[0m  [["session_token", "XewwT4yIORrmKP7zYilGjA"], ["updated_at", "2020-12-18 03:44:11.638755"], ["id", 1]]
  ↳ app/models/user.rb:23
  [1m[35m (1.9ms)[0m  [1m[35mCOMMIT[0m
  ↳ app/models/user.rb:23
No template found for SessionsController#destroy, rendering head :no_content
Completed 204 No Content in 144ms (ActiveRecord: 8.8ms)


Started GET "/users/1" for ::1 at 2020-12-17 20:44:16 -0700
Processing by UsersController#show as HTML
  Parameters: {"id"=>"1"}
  Rendering users/show.html.erb within layouts/application
  Rendered users/show.html.erb within layouts/application (5.1ms)
Completed 500 Internal Server Error in 13ms (ActiveRecord: 0.0ms)



NoMethodError - undefined method `email' for nil:NilClass:
  app/views/users/show.html.erb:1:in `_app_views_users_show_html_erb___2268728016842547342_70123002633880'
  app/controllers/users_controller.rb:21:in `show'

Started POST "/__better_errors/d02272aabe33d618/variables" for ::1 at 2020-12-17 20:44:16 -0700
Started GET "/users/1" for ::1 at 2020-12-17 20:45:33 -0700
Processing by UsersController#show as HTML
  Parameters: {"id"=>"1"}
  [1m[36mUser Load (0.2ms)[0m  [1m[34mSELECT  "users".* FROM "users" WHERE "users"."id" = $1 LIMIT $2[0m  [["id", 1], ["LIMIT", 1]]
  ↳ app/controllers/users_controller.rb:21
  Rendering users/show.html.erb within layouts/application
  Rendered users/show.html.erb within layouts/application (0.3ms)
Completed 200 OK in 31ms (Views: 16.9ms | ActiveRecord: 5.3ms)


Started GET "/users/new" for ::1 at 2020-12-17 20:45:35 -0700
Processing by UsersController#new as HTML
  Rendering users/new.html.erb within layouts/application
  Rendered users/new.html.erb within layouts/application (0.5ms)
Completed 200 OK in 16ms (Views: 15.7ms | ActiveRecord: 0.0ms)


Started POST "/users" for ::1 at 2020-12-17 20:45:44 -0700
Processing by UsersController#create as HTML
  Parameters: {"authenticity_token"=>"MryKWPsbUHyiJCB+8+o4NErWXJw69Iv2jcj6JCDonNzgtPLzIlFLAFG5nnksdMLLfik8UIUA4JcD2NPEVwfMig==", "user"=>{"email"=>"whatever@gmail.com", "password"=>"[FILTERED]"}}
  [1m[35m (0.2ms)[0m  [1m[35mBEGIN[0m
  ↳ app/controllers/users_controller.rb:11
  [1m[36mUser Exists (0.4ms)[0m  [1m[34mSELECT  1 AS one FROM "users" WHERE "users"."email" = $1 LIMIT $2[0m  [["email", "whatever@gmail.com"], ["LIMIT", 1]]
  ↳ app/controllers/users_controller.rb:11
  [1m[36mUser Exists (0.4ms)[0m  [1m[34mSELECT  1 AS one FROM "users" WHERE "users"."session_token" = $1 LIMIT $2[0m  [["session_token", "GG_YwYGJfLkg12H9Qc3hDA"], ["LIMIT", 1]]
  ↳ app/controllers/users_controller.rb:11
  [1m[36mUser Create (0.3ms)[0m  [1m[32mINSERT INTO "users" ("email", "password_digest", "session_token", "created_at", "updated_at") VALUES ($1, $2, $3, $4, $5) RETURNING "id"[0m  [["email", "whatever@gmail.com"], ["password_digest", "$2a$12$dUGRVvXP.qLoIQyOid3bdOwuMlRX9ePgGHTJgNBBqYYKKLtJV1zRO"], ["session_token", "GG_YwYGJfLkg12H9Qc3hDA"], ["created_at", "2020-12-18 03:45:44.632163"], ["updated_at", "2020-12-18 03:45:44.632163"]]
  ↳ app/controllers/users_controller.rb:11
  [1m[35m (2.0ms)[0m  [1m[35mCOMMIT[0m
  ↳ app/controllers/users_controller.rb:11
  [1m[35m (0.1ms)[0m  [1m[35mBEGIN[0m
  ↳ app/models/user.rb:23
  [1m[36mUser Exists (0.3ms)[0m  [1m[34mSELECT  1 AS one FROM "users" WHERE "users"."email" = $1 AND "users"."id" != $2 LIMIT $3[0m  [["email", "whatever@gmail.com"], ["id", 2], ["LIMIT", 1]]
  ↳ app/models/user.rb:23
  [1m[36mUser Exists (0.6ms)[0m  [1m[34mSELECT  1 AS one FROM "users" WHERE "users"."session_token" = $1 AND "users"."id" != $2 LIMIT $3[0m  [["session_token", "rcV4jxqiJ-FboitoAr97Sw"], ["id", 2], ["LIMIT", 1]]
  ↳ app/models/user.rb:23
  [1m[36mUser Update (0.3ms)[0m  [1m[33mUPDATE "users" SET "session_token" = $1, "updated_at" = $2 WHERE "users"."id" = $3[0m  [["session_token", "rcV4jxqiJ-FboitoAr97Sw"], ["updated_at", "2020-12-18 03:45:44.641485"], ["id", 2]]
  ↳ app/models/user.rb:23
  [1m[35m (0.3ms)[0m  [1m[35mCOMMIT[0m
  ↳ app/models/user.rb:23
Redirected to http://localhost:3000/users/2
Completed 302 Found in 258ms (ActiveRecord: 5.1ms)


Started GET "/users/2" for ::1 at 2020-12-17 20:45:44 -0700
Processing by UsersController#show as HTML
  Parameters: {"id"=>"2"}
  [1m[36mUser Load (0.3ms)[0m  [1m[34mSELECT  "users".* FROM "users" WHERE "users"."id" = $1 LIMIT $2[0m  [["id", 2], ["LIMIT", 1]]
  ↳ app/controllers/users_controller.rb:21
  Rendering users/show.html.erb within layouts/application
  Rendered users/show.html.erb within layouts/application (0.3ms)
  [1m[36mUser Load (0.4ms)[0m  [1m[34mSELECT  "users".* FROM "users" WHERE "users"."session_token" = $1 LIMIT $2[0m  [["session_token", "rcV4jxqiJ-FboitoAr97Sw"], ["LIMIT", 1]]
  ↳ app/controllers/application_controller.rb:7
Completed 200 OK in 19ms (Views: 17.1ms | ActiveRecord: 0.7ms)


Started DELETE "/session" for ::1 at 2020-12-17 20:45:48 -0700
Processing by SessionsController#destroy as HTML
  Parameters: {"authenticity_token"=>"rhgccrVA+z3VyGzbxR6gmxWLHSoUaioI4LoN0w0QBOZ8EGTZbArgQSZV0twagFpkIXR95queQWluqiQzev9UsA=="}
  [1m[36mUser Load (0.3ms)[0m  [1m[34mSELECT  "users".* FROM "users" WHERE "users"."session_token" = $1 LIMIT $2[0m  [["session_token", "rcV4jxqiJ-FboitoAr97Sw"], ["LIMIT", 1]]
  ↳ app/controllers/application_controller.rb:7
  [1m[35m (0.1ms)[0m  [1m[35mBEGIN[0m
  ↳ app/models/user.rb:23
  [1m[36mUser Exists (0.3ms)[0m  [1m[34mSELECT  1 AS one FROM "users" WHERE "users"."email" = $1 AND "users"."id" != $2 LIMIT $3[0m  [["email", "whatever@gmail.com"], ["id", 2], ["LIMIT", 1]]
  ↳ app/models/user.rb:23
  [1m[36mUser Exists (0.5ms)[0m  [1m[34mSELECT  1 AS one FROM "users" WHERE "users"."session_token" = $1 AND "users"."id" != $2 LIMIT $3[0m  [["session_token", "N3JKyqZ4JJZP9mtMua-viA"], ["id", 2], ["LIMIT", 1]]
  ↳ app/models/user.rb:23
  [1m[36mUser Update (0.5ms)[0m  [1m[33mUPDATE "users" SET "session_token" = $1, "updated_at" = $2 WHERE "users"."id" = $3[0m  [["session_token", "N3JKyqZ4JJZP9mtMua-viA"], ["updated_at", "2020-12-18 03:45:48.625935"], ["id", 2]]
  ↳ app/models/user.rb:23
  [1m[35m (4.3ms)[0m  [1m[35mCOMMIT[0m
  ↳ app/models/user.rb:23
Redirected to http://localhost:3000/session/new
Completed 302 Found in 10ms (ActiveRecord: 6.0ms)


Started GET "/session/new" for ::1 at 2020-12-17 20:45:48 -0700
Processing by SessionsController#new as HTML
  Rendering sessions/new.html.erb within layouts/application
  Rendered sessions/new.html.erb within layouts/application (0.5ms)
Completed 200 OK in 16ms (Views: 15.7ms | ActiveRecord: 0.0ms)


